#! /usr/bin/vvp
:ivl_version "13.0 (stable)" "(v13_0)";
:ivl_delay_selection "TYPICAL";
:vpi_time_precision - 12;
:vpi_module "/usr/lib64/ivl/system.vpi";
:vpi_module "/usr/lib64/ivl/vhdl_sys.vpi";
:vpi_module "/usr/lib64/ivl/vhdl_textio.vpi";
:vpi_module "/usr/lib64/ivl/v2005_math.vpi";
:vpi_module "/usr/lib64/ivl/va_math.vpi";
S_0x55c4dd8a11a0 .scope module, "processor_TB" "processor_TB" 2 21;
 .timescale -9 -12;
v0x55c4dd907e20_0 .net "R0_debug", 15 0, v0x55c4dd902640_0;  1 drivers
v0x55c4dd907f50_0 .net "R1_debug", 15 0, v0x55c4dd902740_0;  1 drivers
v0x55c4dd908060_0 .net "R2_debug", 15 0, v0x55c4dd902820_0;  1 drivers
v0x55c4dd908150_0 .net "bus_debug", 15 0, L_0x55c4dd8dd280;  1 drivers
v0x55c4dd908210_0 .var "clk", 0 0;
v0x55c4dd908300_0 .var/i "fail_count", 31 0;
v0x55c4dd9083c0_0 .net "halted_debug", 0 0, L_0x55c4dd8d14d0;  1 drivers
v0x55c4dd908460_0 .net "instruction_debug", 15 0, L_0x55c4dd858cd0;  1 drivers
v0x55c4dd908500_0 .net "mem20_debug", 15 0, L_0x55c4dd8a8360;  1 drivers
v0x55c4dd9085a0_0 .var/i "pass_count", 31 0;
v0x55c4dd908680_0 .net "pc_debug", 7 0, L_0x55c4dd8cd460;  1 drivers
v0x55c4dd908740_0 .var "rst", 0 0;
v0x55c4dd9087e0_0 .net "sp_debug", 7 0, L_0x55c4dd91ba60;  1 drivers
v0x55c4dd908880_0 .net "state_debug", 3 0, L_0x55c4dd8b4dc0;  1 drivers
v0x55c4dd908920_0 .net "zero_flag_debug", 0 0, L_0x55c4dd8dd2f0;  1 drivers
E_0x55c4dd80b940 .event anyedge, v0x55c4dd9060d0_0;
S_0x55c4dd8d3c90 .scope task, "check" "check" 2 83, 2 83 0, S_0x55c4dd8a11a0;
 .timescale -9 -12;
v0x55c4dd8d1ee0_0 .var "expected", 63 0;
v0x55c4dd8d1f80_0 .var "got", 63 0;
v0x55c4dd8a1b70_0 .var "label", 255 0;
TD_processor_TB.check ;
    %load/vec4 v0x55c4dd8d1f80_0;
    %load/vec4 v0x55c4dd8d1ee0_0;
    %cmp/e;
    %jmp/0xz  T_0.0, 6;
    %vpi_call 2 89 "$display", "  [PASS] %s = %0d", v0x55c4dd8a1b70_0, v0x55c4dd8d1f80_0 {0 0 0};
    %load/vec4 v0x55c4dd9085a0_0;
    %addi 1, 0, 32;
    %store/vec4 v0x55c4dd9085a0_0, 0, 32;
    %jmp T_0.1;
T_0.0 ;
    %vpi_call 2 92 "$display", "  [FAIL] %s : got %0d, expected %0d", v0x55c4dd8a1b70_0, v0x55c4dd8d1f80_0, v0x55c4dd8d1ee0_0 {0 0 0};
    %load/vec4 v0x55c4dd908300_0;
    %addi 1, 0, 32;
    %store/vec4 v0x55c4dd908300_0, 0, 32;
T_0.1 ;
    %end;
S_0x55c4dd8f3cb0 .scope module, "uut" "processor_top" 2 44, 3 4 0, S_0x55c4dd8a11a0;
 .timescale -9 -12;
    .port_info 0 /INPUT 1 "clk";
    .port_info 1 /INPUT 1 "rst";
    .port_info 2 /OUTPUT 1 "halted_debug";
    .port_info 3 /OUTPUT 4 "state_debug";
    .port_info 4 /OUTPUT 8 "pc_debug";
    .port_info 5 /OUTPUT 16 "instruction_debug";
    .port_info 6 /OUTPUT 16 "R0_debug";
    .port_info 7 /OUTPUT 16 "R1_debug";
    .port_info 8 /OUTPUT 16 "R2_debug";
    .port_info 9 /OUTPUT 16 "mem20_debug";
    .port_info 10 /OUTPUT 1 "zero_flag_debug";
    .port_info 11 /OUTPUT 16 "bus_debug";
    .port_info 12 /OUTPUT 8 "sp_debug";
L_0x55c4dd8d14d0 .functor BUFZ 1, v0x55c4dd8fc060_0, C4<0>, C4<0>, C4<0>;
L_0x55c4dd8b4dc0 .functor BUFZ 4, v0x55c4dd8fd0f0_0, C4<0000>, C4<0000>, C4<0000>;
L_0x55c4dd8cd460 .functor BUFZ 8, v0x55c4dd902090_0, C4<00000000>, C4<00000000>, C4<00000000>;
L_0x55c4dd858cd0 .functor BUFZ 16, v0x55c4dd9018f0_0, C4<0000000000000000>, C4<0000000000000000>, C4<0000000000000000>;
L_0x55c4dd8dd2f0 .functor BUFZ 1, v0x55c4dd904f80_0, C4<0>, C4<0>, C4<0>;
L_0x55c4dd8dd280 .functor BUFZ 16, v0x55c4dd903750_0, C4<0000000000000000>, C4<0000000000000000>, C4<0000000000000000>;
L_0x55c4dd91ba60 .functor BUFZ 8, L_0x55c4dd8d1d90, C4<00000000>, C4<00000000>, C4<00000000>;
v0x55c4dd9050c0_0 .net "A_en", 0 0, v0x55c4dd8fbac0_0;  1 drivers
v0x55c4dd905180_0 .net "G_data", 15 0, v0x55c4dd8a84d0_0;  1 drivers
v0x55c4dd905240_0 .net "G_en", 0 0, v0x55c4dd8fbbd0_0;  1 drivers
v0x55c4dd9052e0_0 .net "R0_debug", 15 0, v0x55c4dd902640_0;  alias, 1 drivers
v0x55c4dd9053b0_0 .net "R1_debug", 15 0, v0x55c4dd902740_0;  alias, 1 drivers
v0x55c4dd9054a0_0 .net "R2_debug", 15 0, v0x55c4dd902820_0;  alias, 1 drivers
v0x55c4dd905570_0 .net "SP", 7 0, L_0x55c4dd8d1d90;  1 drivers
L_0x7ff42dd8b018 .functor BUFT 1, C4<00000000>, C4<0>, C4<0>, C4<0>;
v0x55c4dd905640_0 .net/2u *"_ivl_2", 7 0, L_0x7ff42dd8b018;  1 drivers
L_0x7ff42dd8b0f0 .functor BUFT 1, C4<0000000000000000>, C4<0>, C4<0>, C4<0>;
v0x55c4dd905700_0 .net/2u *"_ivl_6", 15 0, L_0x7ff42dd8b0f0;  1 drivers
v0x55c4dd9057e0_0 .net "alu_ctl", 2 0, v0x55c4dd8fbce0_0;  1 drivers
v0x55c4dd9058a0_0 .net "alu_result", 15 0, v0x55c4dd8cd610_0;  1 drivers
v0x55c4dd9059f0_0 .net "bus", 15 0, v0x55c4dd903750_0;  1 drivers
v0x55c4dd905ab0_0 .net "bus_debug", 15 0, L_0x55c4dd8dd280;  alias, 1 drivers
v0x55c4dd905b90_0 .net "bus_sel", 3 0, v0x55c4dd8fbdd0_0;  1 drivers
v0x55c4dd905c50_0 .net "clk", 0 0, v0x55c4dd908210_0;  1 drivers
v0x55c4dd905cf0_0 .net "control_plane", 31 0, v0x55c4dd8fbf80_0;  1 drivers
v0x55c4dd905db0_0 .net "controller_state", 3 0, v0x55c4dd8fd0f0_0;  1 drivers
v0x55c4dd905f90_0 .net "dmem_addr", 7 0, L_0x55c4dd908be0;  1 drivers
v0x55c4dd906030_0 .net "halted", 0 0, v0x55c4dd8fc060_0;  1 drivers
v0x55c4dd9060d0_0 .net "halted_debug", 0 0, L_0x55c4dd8d14d0;  alias, 1 drivers
v0x55c4dd906170_0 .net "imm16", 15 0, L_0x55c4dd908a60;  1 drivers
v0x55c4dd906260_0 .net "imm8", 7 0, L_0x55c4dd9089c0;  1 drivers
v0x55c4dd906350_0 .net "instruction", 15 0, v0x55c4dd9018f0_0;  1 drivers
v0x55c4dd906460_0 .net "instruction_debug", 15 0, L_0x55c4dd858cd0;  alias, 1 drivers
v0x55c4dd906540_0 .net "instruction_from_memory", 15 0, L_0x55c4dd8bef70;  1 drivers
v0x55c4dd906650_0 .net "ir_en", 0 0, v0x55c4dd8fc200_0;  1 drivers
v0x55c4dd906740_0 .net "mem20_debug", 15 0, L_0x55c4dd8a8360;  alias, 1 drivers
v0x55c4dd906800_0 .net "mem_write", 0 0, v0x55c4dd8fc350_0;  1 drivers
v0x55c4dd9068f0_0 .net "memory_data", 15 0, L_0x55c4dd8a2520;  1 drivers
v0x55c4dd9069e0_0 .net "mode", 1 0, v0x55c4dd8fc410_0;  1 drivers
v0x55c4dd906aa0_0 .net "pc_debug", 7 0, L_0x55c4dd8cd460;  alias, 1 drivers
v0x55c4dd906b80_0 .net "pc_en", 0 0, v0x55c4dd8fc770_0;  1 drivers
v0x55c4dd906c70_0 .net "pc_load", 0 0, v0x55c4dd8fc830_0;  1 drivers
v0x55c4dd906f70_0 .net "pc_out", 7 0, v0x55c4dd902090_0;  1 drivers
v0x55c4dd907080_0 .net "reg_in_en", 0 0, v0x55c4dd8fc8f0_0;  1 drivers
v0x55c4dd907170_0 .net "reg_in_sel", 1 0, v0x55c4dd8fc9b0_0;  1 drivers
v0x55c4dd907280_0 .net "reg_out_data", 15 0, v0x55c4dd902fa0_0;  1 drivers
v0x55c4dd907340_0 .net "reg_out_en", 0 0, v0x55c4dd8fca90_0;  1 drivers
v0x55c4dd9073e0_0 .net "reg_out_sel", 1 0, v0x55c4dd8fcb50_0;  1 drivers
v0x55c4dd9074d0_0 .net "rst", 0 0, v0x55c4dd908740_0;  1 drivers
v0x55c4dd907570_0 .net "sp_debug", 7 0, L_0x55c4dd91ba60;  alias, 1 drivers
v0x55c4dd907630_0 .net "sp_pop", 0 0, v0x55c4dd8fce90_0;  1 drivers
v0x55c4dd907720_0 .net "sp_push", 0 0, v0x55c4dd8fcf50_0;  1 drivers
v0x55c4dd907810_0 .net "state_debug", 3 0, L_0x55c4dd8b4dc0;  alias, 1 drivers
v0x55c4dd9078f0_0 .net "status_en", 0 0, v0x55c4dd8fd1d0_0;  1 drivers
v0x55c4dd9079e0_0 .net "use_sp_addr", 0 0, v0x55c4dd8fd290_0;  1 drivers
v0x55c4dd907ad0_0 .net "zero_flag", 0 0, v0x55c4dd904f80_0;  1 drivers
v0x55c4dd907bc0_0 .net "zero_flag_debug", 0 0, L_0x55c4dd8dd2f0;  alias, 1 drivers
L_0x55c4dd9089c0 .part v0x55c4dd9018f0_0, 0, 8;
L_0x55c4dd908a60 .concat [ 8 8 0 0], L_0x55c4dd9089c0, L_0x7ff42dd8b018;
L_0x55c4dd91b660 .functor MUXZ 16, L_0x7ff42dd8b0f0, v0x55c4dd902fa0_0, v0x55c4dd8fca90_0, C4<>;
S_0x55c4dd8f3e60 .scope module, "alu_unit" "ALU_component" 3 163, 4 3 0, S_0x55c4dd8f3cb0;
 .timescale -9 -12;
    .port_info 0 /INPUT 1 "clk";
    .port_info 1 /INPUT 1 "rst";
    .port_info 2 /INPUT 16 "bus_in";
    .port_info 3 /INPUT 1 "A_en";
    .port_info 4 /INPUT 1 "G_en";
    .port_info 5 /INPUT 2 "mode";
    .port_info 6 /INPUT 3 "alu_ctl";
    .port_info 7 /OUTPUT 16 "alu_result";
    .port_info 8 /OUTPUT 16 "G_data";
v0x55c4dd8f6e80_0 .net "A_data", 15 0, v0x55c4dd8bf080_0;  1 drivers
v0x55c4dd8f6f60_0 .net "A_en", 0 0, v0x55c4dd8fbac0_0;  alias, 1 drivers
v0x55c4dd8f7020_0 .net "G_data", 15 0, v0x55c4dd8a84d0_0;  alias, 1 drivers
v0x55c4dd8f70c0_0 .net "G_en", 0 0, v0x55c4dd8fbbd0_0;  alias, 1 drivers
v0x55c4dd8f7160_0 .net "alu_ctl", 2 0, v0x55c4dd8fbce0_0;  alias, 1 drivers
v0x55c4dd8f7250_0 .net "alu_result", 15 0, v0x55c4dd8cd610_0;  alias, 1 drivers
v0x55c4dd8f7340_0 .net "bus_in", 15 0, v0x55c4dd903750_0;  alias, 1 drivers
v0x55c4dd8f7430_0 .net "clk", 0 0, v0x55c4dd908210_0;  alias, 1 drivers
v0x55c4dd8f7520_0 .net "mode", 1 0, v0x55c4dd8fc410_0;  alias, 1 drivers
v0x55c4dd8f75c0_0 .net "rst", 0 0, v0x55c4dd908740_0;  alias, 1 drivers
S_0x55c4dd8f4090 .scope module, "A_reg" "register_16" 4 17, 5 14 0, S_0x55c4dd8f3e60;
 .timescale -9 -12;
    .port_info 0 /INPUT 1 "clk";
    .port_info 1 /INPUT 1 "rst";
    .port_info 2 /INPUT 1 "en";
    .port_info 3 /INPUT 16 "D";
    .port_info 4 /OUTPUT 16 "Q";
v0x55c4dd8a1c40_0 .net "D", 15 0, v0x55c4dd903750_0;  alias, 1 drivers
v0x55c4dd8bf080_0 .var "Q", 15 0;
v0x55c4dd8bf180_0 .net "clk", 0 0, v0x55c4dd908210_0;  alias, 1 drivers
v0x55c4dd8a2670_0 .net "en", 0 0, v0x55c4dd8fbac0_0;  alias, 1 drivers
v0x55c4dd8a2740_0 .net "rst", 0 0, v0x55c4dd908740_0;  alias, 1 drivers
E_0x55c4dd80c170 .event posedge, v0x55c4dd8a2740_0, v0x55c4dd8bf180_0;
S_0x55c4dd8f44a0 .scope module, "G_reg" "register_16" 4 33, 5 14 0, S_0x55c4dd8f3e60;
 .timescale -9 -12;
    .port_info 0 /INPUT 1 "clk";
    .port_info 1 /INPUT 1 "rst";
    .port_info 2 /INPUT 1 "en";
    .port_info 3 /INPUT 16 "D";
    .port_info 4 /OUTPUT 16 "Q";
v0x55c4dd8a8430_0 .net "D", 15 0, v0x55c4dd8cd610_0;  alias, 1 drivers
v0x55c4dd8a84d0_0 .var "Q", 15 0;
v0x55c4dd8d15e0_0 .net "clk", 0 0, v0x55c4dd908210_0;  alias, 1 drivers
v0x55c4dd8d1680_0 .net "en", 0 0, v0x55c4dd8fbbd0_0;  alias, 1 drivers
v0x55c4dd8b4ed0_0 .net "rst", 0 0, v0x55c4dd908740_0;  alias, 1 drivers
S_0x55c4dd8f47d0 .scope module, "alu" "ALU" 4 25, 6 25 0, S_0x55c4dd8f3e60;
 .timescale -9 -12;
    .port_info 0 /INPUT 16 "A";
    .port_info 1 /INPUT 16 "B";
    .port_info 2 /INPUT 2 "mode";
    .port_info 3 /INPUT 3 "alu_ctl";
    .port_info 4 /OUTPUT 16 "Y";
v0x55c4dd8b4f70_0 .net "A", 15 0, v0x55c4dd8bf080_0;  alias, 1 drivers
v0x55c4dd8cd570_0 .net "B", 15 0, v0x55c4dd903750_0;  alias, 1 drivers
v0x55c4dd8cd610_0 .var "Y", 15 0;
v0x55c4dd8f49f0_0 .net *"_ivl_1", 7 0, L_0x55c4dd908fd0;  1 drivers
v0x55c4dd8f4a90_0 .net *"_ivl_13", 7 0, L_0x55c4dd909580;  1 drivers
v0x55c4dd8f4bc0_0 .net *"_ivl_15", 7 0, L_0x55c4dd909620;  1 drivers
v0x55c4dd8f4ca0_0 .net *"_ivl_19", 7 0, L_0x55c4dd909850;  1 drivers
v0x55c4dd8f4d80_0 .net *"_ivl_21", 7 0, L_0x55c4dd909950;  1 drivers
v0x55c4dd8f4e60_0 .net *"_ivl_25", 3 0, L_0x55c4dd909b50;  1 drivers
v0x55c4dd8f4fd0_0 .net *"_ivl_27", 3 0, L_0x55c4dd909bf0;  1 drivers
v0x55c4dd8f50b0_0 .net *"_ivl_3", 7 0, L_0x55c4dd909070;  1 drivers
v0x55c4dd8f5190_0 .net *"_ivl_31", 3 0, L_0x55c4dd909db0;  1 drivers
v0x55c4dd8f5270_0 .net *"_ivl_33", 3 0, L_0x55c4dd909ff0;  1 drivers
v0x55c4dd8f5350_0 .net *"_ivl_37", 3 0, L_0x55c4dd90a220;  1 drivers
v0x55c4dd8f5430_0 .net *"_ivl_39", 3 0, L_0x55c4dd90a2c0;  1 drivers
v0x55c4dd8f5510_0 .net *"_ivl_43", 3 0, L_0x55c4dd90a460;  1 drivers
v0x55c4dd8f55f0_0 .net *"_ivl_45", 3 0, L_0x55c4dd90a360;  1 drivers
v0x55c4dd8f56d0_0 .net *"_ivl_49", 3 0, L_0x55c4dd90a500;  1 drivers
v0x55c4dd8f57b0_0 .net *"_ivl_51", 3 0, L_0x55c4dd90a7d0;  1 drivers
v0x55c4dd8f5890_0 .net *"_ivl_55", 3 0, L_0x55c4dd90a9f0;  1 drivers
v0x55c4dd8f5970_0 .net *"_ivl_57", 3 0, L_0x55c4dd90a870;  1 drivers
v0x55c4dd8f5a50_0 .net *"_ivl_61", 3 0, L_0x55c4dd90aa90;  1 drivers
v0x55c4dd8f5b30_0 .net *"_ivl_63", 3 0, L_0x55c4dd90afd0;  1 drivers
v0x55c4dd8f5c10_0 .net *"_ivl_67", 3 0, L_0x55c4dd90b180;  1 drivers
v0x55c4dd8f5cf0_0 .net *"_ivl_69", 3 0, L_0x55c4dd90b070;  1 drivers
v0x55c4dd8f5dd0_0 .net *"_ivl_7", 7 0, L_0x55c4dd909250;  1 drivers
v0x55c4dd8f5eb0_0 .net *"_ivl_9", 7 0, L_0x55c4dd9093b0;  1 drivers
v0x55c4dd8f5f90_0 .net "alu_ctl", 2 0, v0x55c4dd8fbce0_0;  alias, 1 drivers
v0x55c4dd8f6070_0 .net "mode", 1 0, v0x55c4dd8fc410_0;  alias, 1 drivers
v0x55c4dd8f6150_0 .net "simd2_add_hi", 7 0, L_0x55c4dd909110;  1 drivers
v0x55c4dd8f6230_0 .net "simd2_add_lo", 7 0, L_0x55c4dd909450;  1 drivers
v0x55c4dd8f6310_0 .net "simd2_sub_hi", 7 0, L_0x55c4dd909710;  1 drivers
v0x55c4dd8f63f0_0 .net "simd2_sub_lo", 7 0, L_0x55c4dd9099f0;  1 drivers
v0x55c4dd8f66e0_0 .net "simd4_add_a", 3 0, L_0x55c4dd909d10;  1 drivers
v0x55c4dd8f67c0_0 .net "simd4_add_b", 3 0, L_0x55c4dd90a090;  1 drivers
v0x55c4dd8f68a0_0 .net "simd4_add_c", 3 0, L_0x55c4dd90a180;  1 drivers
v0x55c4dd8f6980_0 .net "simd4_add_d", 3 0, L_0x55c4dd90a5c0;  1 drivers
v0x55c4dd8f6a60_0 .net "simd4_sub_a", 3 0, L_0x55c4dd90a700;  1 drivers
v0x55c4dd8f6b40_0 .net "simd4_sub_b", 3 0, L_0x55c4dd90ad90;  1 drivers
v0x55c4dd8f6c20_0 .net "simd4_sub_c", 3 0, L_0x55c4dd90aed0;  1 drivers
v0x55c4dd8f6d00_0 .net "simd4_sub_d", 3 0, L_0x55c4dd90b340;  1 drivers
E_0x55c4dd80ca50/0 .event anyedge, v0x55c4dd8f5f90_0, v0x55c4dd8f6070_0, v0x55c4dd8bf080_0, v0x55c4dd8a1c40_0;
E_0x55c4dd80ca50/1 .event anyedge, v0x55c4dd8f6150_0, v0x55c4dd8f6230_0, v0x55c4dd8f66e0_0, v0x55c4dd8f67c0_0;
E_0x55c4dd80ca50/2 .event anyedge, v0x55c4dd8f68a0_0, v0x55c4dd8f6980_0, v0x55c4dd8f6310_0, v0x55c4dd8f63f0_0;
E_0x55c4dd80ca50/3 .event anyedge, v0x55c4dd8f6a60_0, v0x55c4dd8f6b40_0, v0x55c4dd8f6c20_0, v0x55c4dd8f6d00_0;
E_0x55c4dd80ca50 .event/or E_0x55c4dd80ca50/0, E_0x55c4dd80ca50/1, E_0x55c4dd80ca50/2, E_0x55c4dd80ca50/3;
L_0x55c4dd908fd0 .part v0x55c4dd8bf080_0, 8, 8;
L_0x55c4dd909070 .part v0x55c4dd903750_0, 8, 8;
L_0x55c4dd909110 .arith/sum 8, L_0x55c4dd908fd0, L_0x55c4dd909070;
L_0x55c4dd909250 .part v0x55c4dd8bf080_0, 0, 8;
L_0x55c4dd9093b0 .part v0x55c4dd903750_0, 0, 8;
L_0x55c4dd909450 .arith/sum 8, L_0x55c4dd909250, L_0x55c4dd9093b0;
L_0x55c4dd909580 .part v0x55c4dd8bf080_0, 8, 8;
L_0x55c4dd909620 .part v0x55c4dd903750_0, 8, 8;
L_0x55c4dd909710 .arith/sub 8, L_0x55c4dd909580, L_0x55c4dd909620;
L_0x55c4dd909850 .part v0x55c4dd8bf080_0, 0, 8;
L_0x55c4dd909950 .part v0x55c4dd903750_0, 0, 8;
L_0x55c4dd9099f0 .arith/sub 8, L_0x55c4dd909850, L_0x55c4dd909950;
L_0x55c4dd909b50 .part v0x55c4dd8bf080_0, 12, 4;
L_0x55c4dd909bf0 .part v0x55c4dd903750_0, 12, 4;
L_0x55c4dd909d10 .arith/sum 4, L_0x55c4dd909b50, L_0x55c4dd909bf0;
L_0x55c4dd909db0 .part v0x55c4dd8bf080_0, 8, 4;
L_0x55c4dd909ff0 .part v0x55c4dd903750_0, 8, 4;
L_0x55c4dd90a090 .arith/sum 4, L_0x55c4dd909db0, L_0x55c4dd909ff0;
L_0x55c4dd90a220 .part v0x55c4dd8bf080_0, 4, 4;
L_0x55c4dd90a2c0 .part v0x55c4dd903750_0, 4, 4;
L_0x55c4dd90a180 .arith/sum 4, L_0x55c4dd90a220, L_0x55c4dd90a2c0;
L_0x55c4dd90a460 .part v0x55c4dd8bf080_0, 0, 4;
L_0x55c4dd90a360 .part v0x55c4dd903750_0, 0, 4;
L_0x55c4dd90a5c0 .arith/sum 4, L_0x55c4dd90a460, L_0x55c4dd90a360;
L_0x55c4dd90a500 .part v0x55c4dd8bf080_0, 12, 4;
L_0x55c4dd90a7d0 .part v0x55c4dd903750_0, 12, 4;
L_0x55c4dd90a700 .arith/sub 4, L_0x55c4dd90a500, L_0x55c4dd90a7d0;
L_0x55c4dd90a9f0 .part v0x55c4dd8bf080_0, 8, 4;
L_0x55c4dd90a870 .part v0x55c4dd903750_0, 8, 4;
L_0x55c4dd90ad90 .arith/sub 4, L_0x55c4dd90a9f0, L_0x55c4dd90a870;
L_0x55c4dd90aa90 .part v0x55c4dd8bf080_0, 4, 4;
L_0x55c4dd90afd0 .part v0x55c4dd903750_0, 4, 4;
L_0x55c4dd90aed0 .arith/sub 4, L_0x55c4dd90aa90, L_0x55c4dd90afd0;
L_0x55c4dd90b180 .part v0x55c4dd8bf080_0, 0, 4;
L_0x55c4dd90b070 .part v0x55c4dd903750_0, 0, 4;
L_0x55c4dd90b340 .arith/sub 4, L_0x55c4dd90b180, L_0x55c4dd90b070;
S_0x55c4dd8f7790 .scope module, "controller" "controller_fsm" 3 117, 7 3 0, S_0x55c4dd8f3cb0;
 .timescale -9 -12;
    .port_info 0 /INPUT 1 "clk";
    .port_info 1 /INPUT 1 "rst";
    .port_info 2 /INPUT 16 "instruction";
    .port_info 3 /INPUT 1 "zero_flag";
    .port_info 4 /OUTPUT 32 "control_plane";
    .port_info 5 /OUTPUT 4 "bus_sel";
    .port_info 6 /OUTPUT 2 "reg_out_sel";
    .port_info 7 /OUTPUT 1 "reg_out_en";
    .port_info 8 /OUTPUT 2 "reg_in_sel";
    .port_info 9 /OUTPUT 1 "reg_in_en";
    .port_info 10 /OUTPUT 1 "A_en";
    .port_info 11 /OUTPUT 1 "G_en";
    .port_info 12 /OUTPUT 3 "alu_ctl";
    .port_info 13 /OUTPUT 1 "status_en";
    .port_info 14 /OUTPUT 1 "pc_en";
    .port_info 15 /OUTPUT 1 "pc_load";
    .port_info 16 /OUTPUT 1 "ir_en";
    .port_info 17 /OUTPUT 1 "mem_write";
    .port_info 18 /OUTPUT 1 "halted";
    .port_info 19 /OUTPUT 1 "sp_push";
    .port_info 20 /OUTPUT 1 "sp_pop";
    .port_info 21 /OUTPUT 1 "use_sp_addr";
    .port_info 22 /OUTPUT 2 "mode";
    .port_info 23 /OUTPUT 4 "state_debug";
P_0x55c4dd8d95a0 .param/l "S_DECODE" 1 7 40, C4<0010>;
P_0x55c4dd8d95e0 .param/l "S_EXEC_ALU" 1 7 42, C4<0100>;
P_0x55c4dd8d9620 .param/l "S_FETCH" 1 7 38, C4<0000>;
P_0x55c4dd8d9660 .param/l "S_HALTED" 1 7 44, C4<0110>;
P_0x55c4dd8d96a0 .param/l "S_LOAD_A" 1 7 41, C4<0011>;
P_0x55c4dd8d96e0 .param/l "S_PC_INC" 1 7 39, C4<0001>;
P_0x55c4dd8d9720 .param/l "S_POP_INC" 1 7 47, C4<1001>;
P_0x55c4dd8d9760 .param/l "S_POP_READ" 1 7 48, C4<1010>;
P_0x55c4dd8d97a0 .param/l "S_PUSH_DEC" 1 7 46, C4<1000>;
P_0x55c4dd8d97e0 .param/l "S_PUSH_WRITE" 1 7 45, C4<0111>;
P_0x55c4dd8d9820 .param/l "S_WRITEBACK" 1 7 43, C4<0101>;
v0x55c4dd8fbac0_0 .var "A_en", 0 0;
v0x55c4dd8fbbd0_0 .var "G_en", 0 0;
v0x55c4dd8fbce0_0 .var "alu_ctl", 2 0;
v0x55c4dd8fbdd0_0 .var "bus_sel", 3 0;
v0x55c4dd8fbe90_0 .net "clk", 0 0, v0x55c4dd908210_0;  alias, 1 drivers
v0x55c4dd8fbf80_0 .var "control_plane", 31 0;
v0x55c4dd8fc060_0 .var "halted", 0 0;
v0x55c4dd8fc120_0 .net "instruction", 15 0, v0x55c4dd9018f0_0;  alias, 1 drivers
v0x55c4dd8fc200_0 .var "ir_en", 0 0;
v0x55c4dd8fc350_0 .var "mem_write", 0 0;
v0x55c4dd8fc410_0 .var "mode", 1 0;
v0x55c4dd8fc4d0_0 .var "next_state", 3 0;
v0x55c4dd8fc5b0_0 .var "opcode", 3 0;
v0x55c4dd8fc690_0 .var "params", 11 0;
v0x55c4dd8fc770_0 .var "pc_en", 0 0;
v0x55c4dd8fc830_0 .var "pc_load", 0 0;
v0x55c4dd8fc8f0_0 .var "reg_in_en", 0 0;
v0x55c4dd8fc9b0_0 .var "reg_in_sel", 1 0;
v0x55c4dd8fca90_0 .var "reg_out_en", 0 0;
v0x55c4dd8fcb50_0 .var "reg_out_sel", 1 0;
v0x55c4dd8fcc30_0 .net "rst", 0 0, v0x55c4dd908740_0;  alias, 1 drivers
v0x55c4dd8fccd0_0 .var "rx", 1 0;
v0x55c4dd8fcdb0_0 .var "ry", 1 0;
v0x55c4dd8fce90_0 .var "sp_pop", 0 0;
v0x55c4dd8fcf50_0 .var "sp_push", 0 0;
v0x55c4dd8fd010_0 .var "state", 3 0;
v0x55c4dd8fd0f0_0 .var "state_debug", 3 0;
v0x55c4dd8fd1d0_0 .var "status_en", 0 0;
v0x55c4dd8fd290_0 .var "use_sp_addr", 0 0;
v0x55c4dd8fd350_0 .net "zero_flag", 0 0, v0x55c4dd904f80_0;  alias, 1 drivers
E_0x55c4dd80d330/0 .event anyedge, v0x55c4dd8fd010_0, v0x55c4dd8f8b80_0, v0x55c4dd8f92a0_0, v0x55c4dd8fc5b0_0;
E_0x55c4dd80d330/1 .event anyedge, v0x55c4dd8fc690_0, v0x55c4dd8fd350_0, v0x55c4dd8fac50_0, v0x55c4dd8f8e40_0;
E_0x55c4dd80d330/2 .event anyedge, v0x55c4dd8f84f0_0, v0x55c4dd8fb820_0, v0x55c4dd8fccd0_0, v0x55c4dd8f9f50_0;
E_0x55c4dd80d330/3 .event anyedge, v0x55c4dd8f9c70_0, v0x55c4dd8f95d0_0, v0x55c4dd8f98b0_0, v0x55c4dd8fbf80_0;
E_0x55c4dd80d330 .event/or E_0x55c4dd80d330/0, E_0x55c4dd80d330/1, E_0x55c4dd80d330/2, E_0x55c4dd80d330/3;
E_0x55c4dd80dc10 .event anyedge, v0x55c4dd8fd010_0, v0x55c4dd8fc5b0_0;
E_0x55c4dd80e4f0 .event anyedge, v0x55c4dd8fc120_0, v0x55c4dd8fc690_0;
S_0x55c4dd8f81f0 .scope task, "execute_step" "execute_step" 8 161, 8 161 0, S_0x55c4dd8f7790;
 .timescale -9 -12;
v0x55c4dd8f83f0_0 .var "alu_ctl", 2 0;
v0x55c4dd8f84f0_0 .var "cp", 31 0;
v0x55c4dd8f85d0_0 .var "mode", 1 0;
v0x55c4dd8f8690_0 .var "opcode", 3 0;
v0x55c4dd8f8770_0 .var "params", 11 0;
v0x55c4dd8f88a0_0 .var "ry", 1 0;
TD_processor_TB.uut.controller.execute_step ;
    %pushi/vec4 0, 0, 32;
    %store/vec4 v0x55c4dd8f84f0_0, 0, 32;
    %load/vec4 v0x55c4dd8f8770_0;
    %parti/s 3, 9, 5;
    %store/vec4 v0x55c4dd8f83f0_0, 0, 3;
    %load/vec4 v0x55c4dd8f8770_0;
    %parti/s 2, 7, 4;
    %store/vec4 v0x55c4dd8f85d0_0, 0, 2;
    %load/vec4 v0x55c4dd8f8690_0;
    %cmpi/e 14, 0, 4;
    %jmp/0xz  T_1.2, 4;
    %load/vec4 v0x55c4dd8f8770_0;
    %parti/s 2, 4, 4;
    %store/vec4 v0x55c4dd8f88a0_0, 0, 2;
    %load/vec4 v0x55c4dd8f88a0_0;
    %store/vec4 v0x55c4dd8fa580_0, 0, 2;
    %load/vec4 v0x55c4dd8f84f0_0;
    %store/vec4 v0x55c4dd8fa4a0_0, 0, 32;
    %fork TD_processor_TB.uut.controller.read_register, S_0x55c4dd8fa130;
    %join;
    %load/vec4 v0x55c4dd8fa3a0_0;
    %store/vec4 v0x55c4dd8f84f0_0, 0, 32;
    %pushi/vec4 1, 0, 4;
    %store/vec4 v0x55c4dd8fa9b0_0, 0, 4;
    %load/vec4 v0x55c4dd8f84f0_0;
    %store/vec4 v0x55c4dd8fa8d0_0, 0, 32;
    %fork TD_processor_TB.uut.controller.set_bus, S_0x55c4dd8fa640;
    %join;
    %load/vec4 v0x55c4dd8fa7d0_0;
    %store/vec4 v0x55c4dd8f84f0_0, 0, 32;
    %load/vec4 v0x55c4dd8f85d0_0;
    %ix/load 4, 6, 0;
    %flag_set/imm 4, 0;
    %store/vec4 v0x55c4dd8f84f0_0, 4, 2;
    %load/vec4 v0x55c4dd8f83f0_0;
    %dup/vec4;
    %pushi/vec4 0, 0, 3;
    %cmp/u;
    %jmp/1 T_1.4, 6;
    %dup/vec4;
    %pushi/vec4 1, 0, 3;
    %cmp/u;
    %jmp/1 T_1.5, 6;
    %pushi/vec4 0, 0, 3;
    %ix/load 4, 17, 0;
    %flag_set/imm 4, 0;
    %store/vec4 v0x55c4dd8f84f0_0, 4, 3;
    %jmp T_1.7;
T_1.4 ;
    %pushi/vec4 0, 0, 3;
    %ix/load 4, 17, 0;
    %flag_set/imm 4, 0;
    %store/vec4 v0x55c4dd8f84f0_0, 4, 3;
    %jmp T_1.7;
T_1.5 ;
    %pushi/vec4 1, 0, 3;
    %ix/load 4, 17, 0;
    %flag_set/imm 4, 0;
    %store/vec4 v0x55c4dd8f84f0_0, 4, 3;
    %jmp T_1.7;
T_1.7 ;
    %pop/vec4 1;
    %jmp T_1.3;
T_1.2 ;
    %load/vec4 v0x55c4dd8f8770_0;
    %parti/s 2, 8, 5;
    %store/vec4 v0x55c4dd8f88a0_0, 0, 2;
    %load/vec4 v0x55c4dd8f8690_0;
    %cmpi/e 7, 0, 4;
    %jmp/0xz  T_1.8, 4;
    %pushi/vec4 0, 0, 4;
    %store/vec4 v0x55c4dd8fa9b0_0, 0, 4;
    %load/vec4 v0x55c4dd8f84f0_0;
    %store/vec4 v0x55c4dd8fa8d0_0, 0, 32;
    %fork TD_processor_TB.uut.controller.set_bus, S_0x55c4dd8fa640;
    %join;
    %load/vec4 v0x55c4dd8fa7d0_0;
    %store/vec4 v0x55c4dd8f84f0_0, 0, 32;
    %jmp T_1.9;
T_1.8 ;
    %load/vec4 v0x55c4dd8f88a0_0;
    %store/vec4 v0x55c4dd8fa580_0, 0, 2;
    %load/vec4 v0x55c4dd8f84f0_0;
    %store/vec4 v0x55c4dd8fa4a0_0, 0, 32;
    %fork TD_processor_TB.uut.controller.read_register, S_0x55c4dd8fa130;
    %join;
    %load/vec4 v0x55c4dd8fa3a0_0;
    %store/vec4 v0x55c4dd8f84f0_0, 0, 32;
    %pushi/vec4 1, 0, 4;
    %store/vec4 v0x55c4dd8fa9b0_0, 0, 4;
    %load/vec4 v0x55c4dd8f84f0_0;
    %store/vec4 v0x55c4dd8fa8d0_0, 0, 32;
    %fork TD_processor_TB.uut.controller.set_bus, S_0x55c4dd8fa640;
    %join;
    %load/vec4 v0x55c4dd8fa7d0_0;
    %store/vec4 v0x55c4dd8f84f0_0, 0, 32;
T_1.9 ;
    %load/vec4 v0x55c4dd8f8690_0;
    %dup/vec4;
    %pushi/vec4 2, 0, 4;
    %cmp/u;
    %jmp/1 T_1.10, 6;
    %dup/vec4;
    %pushi/vec4 3, 0, 4;
    %cmp/u;
    %jmp/1 T_1.11, 6;
    %dup/vec4;
    %pushi/vec4 4, 0, 4;
    %cmp/u;
    %jmp/1 T_1.12, 6;
    %dup/vec4;
    %pushi/vec4 5, 0, 4;
    %cmp/u;
    %jmp/1 T_1.13, 6;
    %dup/vec4;
    %pushi/vec4 6, 0, 4;
    %cmp/u;
    %jmp/1 T_1.14, 6;
    %dup/vec4;
    %pushi/vec4 7, 0, 4;
    %cmp/u;
    %jmp/1 T_1.15, 6;
    %pushi/vec4 0, 0, 3;
    %ix/load 4, 17, 0;
    %flag_set/imm 4, 0;
    %store/vec4 v0x55c4dd8f84f0_0, 4, 3;
    %jmp T_1.17;
T_1.10 ;
    %pushi/vec4 0, 0, 3;
    %ix/load 4, 17, 0;
    %flag_set/imm 4, 0;
    %store/vec4 v0x55c4dd8f84f0_0, 4, 3;
    %jmp T_1.17;
T_1.11 ;
    %pushi/vec4 1, 0, 3;
    %ix/load 4, 17, 0;
    %flag_set/imm 4, 0;
    %store/vec4 v0x55c4dd8f84f0_0, 4, 3;
    %jmp T_1.17;
T_1.12 ;
    %pushi/vec4 2, 0, 3;
    %ix/load 4, 17, 0;
    %flag_set/imm 4, 0;
    %store/vec4 v0x55c4dd8f84f0_0, 4, 3;
    %jmp T_1.17;
T_1.13 ;
    %pushi/vec4 3, 0, 3;
    %ix/load 4, 17, 0;
    %flag_set/imm 4, 0;
    %store/vec4 v0x55c4dd8f84f0_0, 4, 3;
    %jmp T_1.17;
T_1.14 ;
    %pushi/vec4 4, 0, 3;
    %ix/load 4, 17, 0;
    %flag_set/imm 4, 0;
    %store/vec4 v0x55c4dd8f84f0_0, 4, 3;
    %jmp T_1.17;
T_1.15 ;
    %pushi/vec4 5, 0, 3;
    %ix/load 4, 17, 0;
    %flag_set/imm 4, 0;
    %store/vec4 v0x55c4dd8f84f0_0, 4, 3;
    %jmp T_1.17;
T_1.17 ;
    %pop/vec4 1;
T_1.3 ;
    %pushi/vec4 1, 0, 1;
    %ix/load 4, 20, 0;
    %flag_set/imm 4, 0;
    %store/vec4 v0x55c4dd8f84f0_0, 4, 1;
    %pushi/vec4 1, 0, 1;
    %ix/load 4, 16, 0;
    %flag_set/imm 4, 0;
    %store/vec4 v0x55c4dd8f84f0_0, 4, 1;
    %end;
S_0x55c4dd8f8980 .scope task, "fetch_step" "fetch_step" 8 67, 8 67 0, S_0x55c4dd8f7790;
 .timescale -9 -12;
v0x55c4dd8f8b80_0 .var "cp", 31 0;
TD_processor_TB.uut.controller.fetch_step ;
    %pushi/vec4 0, 0, 32;
    %store/vec4 v0x55c4dd8f8b80_0, 0, 32;
    %pushi/vec4 1, 0, 1;
    %ix/load 4, 13, 0;
    %flag_set/imm 4, 0;
    %store/vec4 v0x55c4dd8f8b80_0, 4, 1;
    %end;
S_0x55c4dd8f8c60 .scope task, "load_step" "load_step" 8 137, 8 137 0, S_0x55c4dd8f7790;
 .timescale -9 -12;
v0x55c4dd8f8e40_0 .var "cp", 31 0;
v0x55c4dd8f8f20_0 .var "opcode", 3 0;
v0x55c4dd8f9000_0 .var "params", 11 0;
TD_processor_TB.uut.controller.load_step ;
    %load/vec4 v0x55c4dd8f8f20_0;
    %dup/vec4;
    %pushi/vec4 14, 0, 4;
    %cmp/u;
    %jmp/1 T_3.18, 6;
    %pushi/vec4 0, 0, 32;
    %store/vec4 v0x55c4dd8f8e40_0, 0, 32;
    %load/vec4 v0x55c4dd8f9000_0;
    %parti/s 2, 10, 5;
    %store/vec4 v0x55c4dd8fa580_0, 0, 2;
    %load/vec4 v0x55c4dd8f8e40_0;
    %store/vec4 v0x55c4dd8fa4a0_0, 0, 32;
    %fork TD_processor_TB.uut.controller.read_register, S_0x55c4dd8fa130;
    %join;
    %load/vec4 v0x55c4dd8fa3a0_0;
    %store/vec4 v0x55c4dd8f8e40_0, 0, 32;
    %pushi/vec4 1, 0, 4;
    %store/vec4 v0x55c4dd8fa9b0_0, 0, 4;
    %load/vec4 v0x55c4dd8f8e40_0;
    %store/vec4 v0x55c4dd8fa8d0_0, 0, 32;
    %fork TD_processor_TB.uut.controller.set_bus, S_0x55c4dd8fa640;
    %join;
    %load/vec4 v0x55c4dd8fa7d0_0;
    %store/vec4 v0x55c4dd8f8e40_0, 0, 32;
    %pushi/vec4 1, 0, 1;
    %ix/load 4, 21, 0;
    %flag_set/imm 4, 0;
    %store/vec4 v0x55c4dd8f8e40_0, 4, 1;
    %jmp T_3.20;
T_3.18 ;
    %pushi/vec4 0, 0, 32;
    %store/vec4 v0x55c4dd8f8e40_0, 0, 32;
    %load/vec4 v0x55c4dd8f9000_0;
    %parti/s 2, 6, 4;
    %store/vec4 v0x55c4dd8fa580_0, 0, 2;
    %load/vec4 v0x55c4dd8f8e40_0;
    %store/vec4 v0x55c4dd8fa4a0_0, 0, 32;
    %fork TD_processor_TB.uut.controller.read_register, S_0x55c4dd8fa130;
    %join;
    %load/vec4 v0x55c4dd8fa3a0_0;
    %store/vec4 v0x55c4dd8f8e40_0, 0, 32;
    %pushi/vec4 1, 0, 4;
    %store/vec4 v0x55c4dd8fa9b0_0, 0, 4;
    %load/vec4 v0x55c4dd8f8e40_0;
    %store/vec4 v0x55c4dd8fa8d0_0, 0, 32;
    %fork TD_processor_TB.uut.controller.set_bus, S_0x55c4dd8fa640;
    %join;
    %load/vec4 v0x55c4dd8fa7d0_0;
    %store/vec4 v0x55c4dd8f8e40_0, 0, 32;
    %pushi/vec4 1, 0, 1;
    %ix/load 4, 21, 0;
    %flag_set/imm 4, 0;
    %store/vec4 v0x55c4dd8f8e40_0, 4, 1;
    %jmp T_3.20;
T_3.20 ;
    %pop/vec4 1;
    %end;
S_0x55c4dd8f90c0 .scope task, "pc_increment_step" "pc_increment_step" 8 77, 8 77 0, S_0x55c4dd8f7790;
 .timescale -9 -12;
v0x55c4dd8f92a0_0 .var "cp", 31 0;
TD_processor_TB.uut.controller.pc_increment_step ;
    %pushi/vec4 0, 0, 32;
    %store/vec4 v0x55c4dd8f92a0_0, 0, 32;
    %pushi/vec4 1, 0, 1;
    %ix/load 4, 15, 0;
    %flag_set/imm 4, 0;
    %store/vec4 v0x55c4dd8f92a0_0, 4, 1;
    %end;
S_0x55c4dd8f93a0 .scope task, "pop_inc_step" "pop_inc_step" 8 268, 8 268 0, S_0x55c4dd8f7790;
 .timescale -9 -12;
v0x55c4dd8f95d0_0 .var "cp", 31 0;
TD_processor_TB.uut.controller.pop_inc_step ;
    %pushi/vec4 0, 0, 32;
    %store/vec4 v0x55c4dd8f95d0_0, 0, 32;
    %pushi/vec4 1, 0, 1;
    %ix/load 4, 9, 0;
    %flag_set/imm 4, 0;
    %store/vec4 v0x55c4dd8f95d0_0, 4, 1;
    %end;
S_0x55c4dd8f96d0 .scope task, "pop_read_step" "pop_read_step" 8 280, 8 280 0, S_0x55c4dd8f7790;
 .timescale -9 -12;
v0x55c4dd8f98b0_0 .var "cp", 31 0;
v0x55c4dd8f99b0_0 .var "rx", 1 0;
TD_processor_TB.uut.controller.pop_read_step ;
    %pushi/vec4 0, 0, 32;
    %store/vec4 v0x55c4dd8f98b0_0, 0, 32;
    %pushi/vec4 4, 0, 4;
    %store/vec4 v0x55c4dd8fa9b0_0, 0, 4;
    %load/vec4 v0x55c4dd8f98b0_0;
    %store/vec4 v0x55c4dd8fa8d0_0, 0, 32;
    %fork TD_processor_TB.uut.controller.set_bus, S_0x55c4dd8fa640;
    %join;
    %load/vec4 v0x55c4dd8fa7d0_0;
    %store/vec4 v0x55c4dd8f98b0_0, 0, 32;
    %pushi/vec4 1, 0, 1;
    %ix/load 4, 8, 0;
    %flag_set/imm 4, 0;
    %store/vec4 v0x55c4dd8f98b0_0, 4, 1;
    %load/vec4 v0x55c4dd8f99b0_0;
    %store/vec4 v0x55c4dd8fb580_0, 0, 2;
    %load/vec4 v0x55c4dd8f98b0_0;
    %store/vec4 v0x55c4dd8fb4a0_0, 0, 32;
    %fork TD_processor_TB.uut.controller.write_register, S_0x55c4dd8fb1c0;
    %join;
    %load/vec4 v0x55c4dd8fb3a0_0;
    %store/vec4 v0x55c4dd8f98b0_0, 0, 32;
    %end;
S_0x55c4dd8f9a90 .scope task, "push_dec_step" "push_dec_step" 8 256, 8 256 0, S_0x55c4dd8f7790;
 .timescale -9 -12;
v0x55c4dd8f9c70_0 .var "cp", 31 0;
TD_processor_TB.uut.controller.push_dec_step ;
    %pushi/vec4 0, 0, 32;
    %store/vec4 v0x55c4dd8f9c70_0, 0, 32;
    %pushi/vec4 1, 0, 1;
    %ix/load 4, 10, 0;
    %flag_set/imm 4, 0;
    %store/vec4 v0x55c4dd8f9c70_0, 4, 1;
    %end;
S_0x55c4dd8f9d70 .scope task, "push_write_step" "push_write_step" 8 240, 8 240 0, S_0x55c4dd8f7790;
 .timescale -9 -12;
v0x55c4dd8f9f50_0 .var "cp", 31 0;
v0x55c4dd8fa050_0 .var "rx", 1 0;
TD_processor_TB.uut.controller.push_write_step ;
    %pushi/vec4 0, 0, 32;
    %store/vec4 v0x55c4dd8f9f50_0, 0, 32;
    %load/vec4 v0x55c4dd8fa050_0;
    %store/vec4 v0x55c4dd8fa580_0, 0, 2;
    %load/vec4 v0x55c4dd8f9f50_0;
    %store/vec4 v0x55c4dd8fa4a0_0, 0, 32;
    %fork TD_processor_TB.uut.controller.read_register, S_0x55c4dd8fa130;
    %join;
    %load/vec4 v0x55c4dd8fa3a0_0;
    %store/vec4 v0x55c4dd8f9f50_0, 0, 32;
    %pushi/vec4 1, 0, 4;
    %store/vec4 v0x55c4dd8fa9b0_0, 0, 4;
    %load/vec4 v0x55c4dd8f9f50_0;
    %store/vec4 v0x55c4dd8fa8d0_0, 0, 32;
    %fork TD_processor_TB.uut.controller.set_bus, S_0x55c4dd8fa640;
    %join;
    %load/vec4 v0x55c4dd8fa7d0_0;
    %store/vec4 v0x55c4dd8f9f50_0, 0, 32;
    %pushi/vec4 1, 0, 1;
    %ix/load 4, 12, 0;
    %flag_set/imm 4, 0;
    %store/vec4 v0x55c4dd8f9f50_0, 4, 1;
    %pushi/vec4 1, 0, 1;
    %ix/load 4, 8, 0;
    %flag_set/imm 4, 0;
    %store/vec4 v0x55c4dd8f9f50_0, 4, 1;
    %end;
S_0x55c4dd8fa130 .scope task, "read_register" "read_register" 8 42, 8 42 0, S_0x55c4dd8f7790;
 .timescale -9 -12;
v0x55c4dd8fa3a0_0 .var "cp", 31 0;
v0x55c4dd8fa4a0_0 .var "curr", 31 0;
v0x55c4dd8fa580_0 .var "reg_id", 1 0;
TD_processor_TB.uut.controller.read_register ;
    %load/vec4 v0x55c4dd8fa4a0_0;
    %store/vec4 v0x55c4dd8fa3a0_0, 0, 32;
    %load/vec4 v0x55c4dd8fa580_0;
    %ix/load 4, 26, 0;
    %flag_set/imm 4, 0;
    %store/vec4 v0x55c4dd8fa3a0_0, 4, 2;
    %pushi/vec4 1, 0, 1;
    %ix/load 4, 25, 0;
    %flag_set/imm 4, 0;
    %store/vec4 v0x55c4dd8fa3a0_0, 4, 1;
    %end;
S_0x55c4dd8fa640 .scope task, "set_bus" "set_bus" 8 31, 8 31 0, S_0x55c4dd8f7790;
 .timescale -9 -12;
v0x55c4dd8fa7d0_0 .var "cp", 31 0;
v0x55c4dd8fa8d0_0 .var "curr", 31 0;
v0x55c4dd8fa9b0_0 .var "source", 3 0;
TD_processor_TB.uut.controller.set_bus ;
    %load/vec4 v0x55c4dd8fa8d0_0;
    %store/vec4 v0x55c4dd8fa7d0_0, 0, 32;
    %load/vec4 v0x55c4dd8fa9b0_0;
    %ix/load 4, 28, 0;
    %flag_set/imm 4, 0;
    %store/vec4 v0x55c4dd8fa7d0_0, 4, 4;
    %end;
S_0x55c4dd8faa70 .scope task, "simple_instruction_step" "simple_instruction_step" 8 87, 8 87 0, S_0x55c4dd8f7790;
 .timescale -9 -12;
v0x55c4dd8fac50_0 .var "cp", 31 0;
v0x55c4dd8fad50_0 .var "opcode", 3 0;
v0x55c4dd8fae30_0 .var "params", 11 0;
v0x55c4dd8faef0_0 .var "rx", 1 0;
v0x55c4dd8fafd0_0 .var "ry", 1 0;
v0x55c4dd8fb100_0 .var "zero_flag", 0 0;
TD_processor_TB.uut.controller.simple_instruction_step ;
    %pushi/vec4 0, 0, 32;
    %store/vec4 v0x55c4dd8fac50_0, 0, 32;
    %load/vec4 v0x55c4dd8fae30_0;
    %parti/s 2, 10, 5;
    %store/vec4 v0x55c4dd8faef0_0, 0, 2;
    %load/vec4 v0x55c4dd8fae30_0;
    %parti/s 2, 8, 5;
    %store/vec4 v0x55c4dd8fafd0_0, 0, 2;
    %load/vec4 v0x55c4dd8fad50_0;
    %dup/vec4;
    %pushi/vec4 0, 0, 4;
    %cmp/u;
    %jmp/1 T_11.21, 6;
    %dup/vec4;
    %pushi/vec4 1, 0, 4;
    %cmp/u;
    %jmp/1 T_11.22, 6;
    %dup/vec4;
    %pushi/vec4 8, 0, 4;
    %cmp/u;
    %jmp/1 T_11.23, 6;
    %dup/vec4;
    %pushi/vec4 9, 0, 4;
    %cmp/u;
    %jmp/1 T_11.24, 6;
    %dup/vec4;
    %pushi/vec4 10, 0, 4;
    %cmp/u;
    %jmp/1 T_11.25, 6;
    %dup/vec4;
    %pushi/vec4 11, 0, 4;
    %cmp/u;
    %jmp/1 T_11.26, 6;
    %pushi/vec4 0, 0, 32;
    %store/vec4 v0x55c4dd8fac50_0, 0, 32;
    %jmp T_11.28;
T_11.21 ;
    %pushi/vec4 3, 0, 4;
    %store/vec4 v0x55c4dd8fa9b0_0, 0, 4;
    %load/vec4 v0x55c4dd8fac50_0;
    %store/vec4 v0x55c4dd8fa8d0_0, 0, 32;
    %fork TD_processor_TB.uut.controller.set_bus, S_0x55c4dd8fa640;
    %join;
    %load/vec4 v0x55c4dd8fa7d0_0;
    %store/vec4 v0x55c4dd8fac50_0, 0, 32;
    %load/vec4 v0x55c4dd8faef0_0;
    %store/vec4 v0x55c4dd8fb580_0, 0, 2;
    %load/vec4 v0x55c4dd8fac50_0;
    %store/vec4 v0x55c4dd8fb4a0_0, 0, 32;
    %fork TD_processor_TB.uut.controller.write_register, S_0x55c4dd8fb1c0;
    %join;
    %load/vec4 v0x55c4dd8fb3a0_0;
    %store/vec4 v0x55c4dd8fac50_0, 0, 32;
    %jmp T_11.28;
T_11.22 ;
    %load/vec4 v0x55c4dd8fafd0_0;
    %store/vec4 v0x55c4dd8fa580_0, 0, 2;
    %load/vec4 v0x55c4dd8fac50_0;
    %store/vec4 v0x55c4dd8fa4a0_0, 0, 32;
    %fork TD_processor_TB.uut.controller.read_register, S_0x55c4dd8fa130;
    %join;
    %load/vec4 v0x55c4dd8fa3a0_0;
    %store/vec4 v0x55c4dd8fac50_0, 0, 32;
    %pushi/vec4 1, 0, 4;
    %store/vec4 v0x55c4dd8fa9b0_0, 0, 4;
    %load/vec4 v0x55c4dd8fac50_0;
    %store/vec4 v0x55c4dd8fa8d0_0, 0, 32;
    %fork TD_processor_TB.uut.controller.set_bus, S_0x55c4dd8fa640;
    %join;
    %load/vec4 v0x55c4dd8fa7d0_0;
    %store/vec4 v0x55c4dd8fac50_0, 0, 32;
    %load/vec4 v0x55c4dd8faef0_0;
    %store/vec4 v0x55c4dd8fb580_0, 0, 2;
    %load/vec4 v0x55c4dd8fac50_0;
    %store/vec4 v0x55c4dd8fb4a0_0, 0, 32;
    %fork TD_processor_TB.uut.controller.write_register, S_0x55c4dd8fb1c0;
    %join;
    %load/vec4 v0x55c4dd8fb3a0_0;
    %store/vec4 v0x55c4dd8fac50_0, 0, 32;
    %jmp T_11.28;
T_11.23 ;
    %pushi/vec4 4, 0, 4;
    %store/vec4 v0x55c4dd8fa9b0_0, 0, 4;
    %load/vec4 v0x55c4dd8fac50_0;
    %store/vec4 v0x55c4dd8fa8d0_0, 0, 32;
    %fork TD_processor_TB.uut.controller.set_bus, S_0x55c4dd8fa640;
    %join;
    %load/vec4 v0x55c4dd8fa7d0_0;
    %store/vec4 v0x55c4dd8fac50_0, 0, 32;
    %load/vec4 v0x55c4dd8faef0_0;
    %store/vec4 v0x55c4dd8fb580_0, 0, 2;
    %load/vec4 v0x55c4dd8fac50_0;
    %store/vec4 v0x55c4dd8fb4a0_0, 0, 32;
    %fork TD_processor_TB.uut.controller.write_register, S_0x55c4dd8fb1c0;
    %join;
    %load/vec4 v0x55c4dd8fb3a0_0;
    %store/vec4 v0x55c4dd8fac50_0, 0, 32;
    %jmp T_11.28;
T_11.24 ;
    %load/vec4 v0x55c4dd8faef0_0;
    %store/vec4 v0x55c4dd8fa580_0, 0, 2;
    %load/vec4 v0x55c4dd8fac50_0;
    %store/vec4 v0x55c4dd8fa4a0_0, 0, 32;
    %fork TD_processor_TB.uut.controller.read_register, S_0x55c4dd8fa130;
    %join;
    %load/vec4 v0x55c4dd8fa3a0_0;
    %store/vec4 v0x55c4dd8fac50_0, 0, 32;
    %pushi/vec4 1, 0, 4;
    %store/vec4 v0x55c4dd8fa9b0_0, 0, 4;
    %load/vec4 v0x55c4dd8fac50_0;
    %store/vec4 v0x55c4dd8fa8d0_0, 0, 32;
    %fork TD_processor_TB.uut.controller.set_bus, S_0x55c4dd8fa640;
    %join;
    %load/vec4 v0x55c4dd8fa7d0_0;
    %store/vec4 v0x55c4dd8fac50_0, 0, 32;
    %pushi/vec4 1, 0, 1;
    %ix/load 4, 12, 0;
    %flag_set/imm 4, 0;
    %store/vec4 v0x55c4dd8fac50_0, 4, 1;
    %jmp T_11.28;
T_11.25 ;
    %pushi/vec4 1, 0, 1;
    %ix/load 4, 14, 0;
    %flag_set/imm 4, 0;
    %store/vec4 v0x55c4dd8fac50_0, 4, 1;
    %jmp T_11.28;
T_11.26 ;
    %load/vec4 v0x55c4dd8fb100_0;
    %flag_set/vec4 8;
    %jmp/0xz  T_11.29, 8;
    %pushi/vec4 1, 0, 1;
    %ix/load 4, 14, 0;
    %flag_set/imm 4, 0;
    %store/vec4 v0x55c4dd8fac50_0, 4, 1;
T_11.29 ;
    %jmp T_11.28;
T_11.28 ;
    %pop/vec4 1;
    %end;
S_0x55c4dd8fb1c0 .scope task, "write_register" "write_register" 8 54, 8 54 0, S_0x55c4dd8f7790;
 .timescale -9 -12;
v0x55c4dd8fb3a0_0 .var "cp", 31 0;
v0x55c4dd8fb4a0_0 .var "curr", 31 0;
v0x55c4dd8fb580_0 .var "reg_id", 1 0;
TD_processor_TB.uut.controller.write_register ;
    %load/vec4 v0x55c4dd8fb4a0_0;
    %store/vec4 v0x55c4dd8fb3a0_0, 0, 32;
    %load/vec4 v0x55c4dd8fb580_0;
    %ix/load 4, 23, 0;
    %flag_set/imm 4, 0;
    %store/vec4 v0x55c4dd8fb3a0_0, 4, 2;
    %pushi/vec4 1, 0, 1;
    %ix/load 4, 22, 0;
    %flag_set/imm 4, 0;
    %store/vec4 v0x55c4dd8fb3a0_0, 4, 1;
    %end;
S_0x55c4dd8fb640 .scope task, "writeback_step" "writeback_step" 8 215, 8 215 0, S_0x55c4dd8f7790;
 .timescale -9 -12;
v0x55c4dd8fb820_0 .var "cp", 31 0;
v0x55c4dd8fb920_0 .var "opcode", 3 0;
v0x55c4dd8fba00_0 .var "params", 11 0;
TD_processor_TB.uut.controller.writeback_step ;
    %load/vec4 v0x55c4dd8fb920_0;
    %dup/vec4;
    %pushi/vec4 14, 0, 4;
    %cmp/u;
    %jmp/1 T_13.31, 6;
    %pushi/vec4 0, 0, 32;
    %store/vec4 v0x55c4dd8fb820_0, 0, 32;
    %pushi/vec4 2, 0, 4;
    %store/vec4 v0x55c4dd8fa9b0_0, 0, 4;
    %load/vec4 v0x55c4dd8fb820_0;
    %store/vec4 v0x55c4dd8fa8d0_0, 0, 32;
    %fork TD_processor_TB.uut.controller.set_bus, S_0x55c4dd8fa640;
    %join;
    %load/vec4 v0x55c4dd8fa7d0_0;
    %store/vec4 v0x55c4dd8fb820_0, 0, 32;
    %load/vec4 v0x55c4dd8fba00_0;
    %parti/s 2, 10, 5;
    %store/vec4 v0x55c4dd8fb580_0, 0, 2;
    %load/vec4 v0x55c4dd8fb820_0;
    %store/vec4 v0x55c4dd8fb4a0_0, 0, 32;
    %fork TD_processor_TB.uut.controller.write_register, S_0x55c4dd8fb1c0;
    %join;
    %load/vec4 v0x55c4dd8fb3a0_0;
    %store/vec4 v0x55c4dd8fb820_0, 0, 32;
    %jmp T_13.33;
T_13.31 ;
    %pushi/vec4 0, 0, 32;
    %store/vec4 v0x55c4dd8fb820_0, 0, 32;
    %pushi/vec4 2, 0, 4;
    %store/vec4 v0x55c4dd8fa9b0_0, 0, 4;
    %load/vec4 v0x55c4dd8fb820_0;
    %store/vec4 v0x55c4dd8fa8d0_0, 0, 32;
    %fork TD_processor_TB.uut.controller.set_bus, S_0x55c4dd8fa640;
    %join;
    %load/vec4 v0x55c4dd8fa7d0_0;
    %store/vec4 v0x55c4dd8fb820_0, 0, 32;
    %load/vec4 v0x55c4dd8fba00_0;
    %parti/s 2, 6, 4;
    %store/vec4 v0x55c4dd8fb580_0, 0, 2;
    %load/vec4 v0x55c4dd8fb820_0;
    %store/vec4 v0x55c4dd8fb4a0_0, 0, 32;
    %fork TD_processor_TB.uut.controller.write_register, S_0x55c4dd8fb1c0;
    %join;
    %load/vec4 v0x55c4dd8fb3a0_0;
    %store/vec4 v0x55c4dd8fb820_0, 0, 32;
    %jmp T_13.33;
T_13.33 ;
    %pop/vec4 1;
    %end;
S_0x55c4dd8fd710 .scope module, "dmem" "data_memory" 3 178, 9 15 0, S_0x55c4dd8f3cb0;
 .timescale -9 -12;
    .port_info 0 /INPUT 1 "clk";
    .port_info 1 /INPUT 1 "rst";
    .port_info 2 /INPUT 1 "mem_write";
    .port_info 3 /INPUT 8 "address";
    .port_info 4 /INPUT 16 "write_data";
    .port_info 5 /OUTPUT 16 "read_data";
    .port_info 6 /OUTPUT 16 "mem20_debug";
L_0x55c4dd8a2520 .functor BUFZ 16, L_0x55c4dd90b220, C4<0000000000000000>, C4<0000000000000000>, C4<0000000000000000>;
v0x55c4dd8fe090_20 .array/port v0x55c4dd8fe090, 20;
L_0x55c4dd8a8360 .functor BUFZ 16, v0x55c4dd8fe090_20, C4<0000000000000000>, C4<0000000000000000>, C4<0000000000000000>;
v0x55c4dd8fd9e0_0 .net *"_ivl_0", 15 0, L_0x55c4dd90b220;  1 drivers
v0x55c4dd8fdac0_0 .net *"_ivl_2", 9 0, L_0x55c4dd90b560;  1 drivers
L_0x7ff42dd8b0a8 .functor BUFT 1, C4<00>, C4<0>, C4<0>, C4<0>;
v0x55c4dd8fdba0_0 .net *"_ivl_5", 1 0, L_0x7ff42dd8b0a8;  1 drivers
v0x55c4dd8fdc60_0 .net "address", 7 0, L_0x55c4dd908be0;  alias, 1 drivers
v0x55c4dd8fdd40_0 .net "clk", 0 0, v0x55c4dd908210_0;  alias, 1 drivers
v0x55c4dd8fde30_0 .var/i "i", 31 0;
v0x55c4dd8fdf10_0 .net "mem20_debug", 15 0, L_0x55c4dd8a8360;  alias, 1 drivers
v0x55c4dd8fdff0_0 .net "mem_write", 0 0, v0x55c4dd8fc350_0;  alias, 1 drivers
v0x55c4dd8fe090 .array "memory", 255 0, 15 0;
v0x55c4dd9009d0_0 .net "read_data", 15 0, L_0x55c4dd8a2520;  alias, 1 drivers
v0x55c4dd900ab0_0 .net "rst", 0 0, v0x55c4dd908740_0;  alias, 1 drivers
v0x55c4dd900be0_0 .net "write_data", 15 0, v0x55c4dd903750_0;  alias, 1 drivers
L_0x55c4dd90b220 .array/port v0x55c4dd8fe090, L_0x55c4dd90b560;
L_0x55c4dd90b560 .concat [ 8 2 0 0], L_0x55c4dd908be0, L_0x7ff42dd8b0a8;
S_0x55c4dd900d80 .scope module, "imem" "instruction_memory" 3 98, 10 14 0, S_0x55c4dd8f3cb0;
 .timescale -9 -12;
    .port_info 0 /INPUT 8 "address";
    .port_info 1 /OUTPUT 16 "instruction";
L_0x55c4dd8bef70 .functor BUFZ 16, L_0x55c4dd908d80, C4<0000000000000000>, C4<0000000000000000>, C4<0000000000000000>;
v0x55c4dd900f30_0 .net *"_ivl_0", 15 0, L_0x55c4dd908d80;  1 drivers
v0x55c4dd901030_0 .net *"_ivl_2", 9 0, L_0x55c4dd908e40;  1 drivers
L_0x7ff42dd8b060 .functor BUFT 1, C4<00>, C4<0>, C4<0>, C4<0>;
v0x55c4dd901110_0 .net *"_ivl_5", 1 0, L_0x7ff42dd8b060;  1 drivers
v0x55c4dd9011d0_0 .net "address", 7 0, v0x55c4dd902090_0;  alias, 1 drivers
v0x55c4dd9012b0_0 .net "instruction", 15 0, L_0x55c4dd8bef70;  alias, 1 drivers
v0x55c4dd901390 .array "memory", 0 255, 15 0;
L_0x55c4dd908d80 .array/port v0x55c4dd901390, L_0x55c4dd908e40;
L_0x55c4dd908e40 .concat [ 8 2 0 0], v0x55c4dd902090_0, L_0x7ff42dd8b060;
S_0x55c4dd9014b0 .scope module, "ir" "instruction_register" 3 106, 11 14 0, S_0x55c4dd8f3cb0;
 .timescale -9 -12;
    .port_info 0 /INPUT 1 "clk";
    .port_info 1 /INPUT 1 "rst";
    .port_info 2 /INPUT 1 "ir_en";
    .port_info 3 /INPUT 16 "instruction_in";
    .port_info 4 /OUTPUT 16 "instruction_out";
v0x55c4dd901790_0 .net "clk", 0 0, v0x55c4dd908210_0;  alias, 1 drivers
v0x55c4dd901830_0 .net "instruction_in", 15 0, L_0x55c4dd8bef70;  alias, 1 drivers
v0x55c4dd9018f0_0 .var "instruction_out", 15 0;
v0x55c4dd901990_0 .net "ir_en", 0 0, v0x55c4dd8fc200_0;  alias, 1 drivers
v0x55c4dd901a60_0 .net "rst", 0 0, v0x55c4dd908740_0;  alias, 1 drivers
S_0x55c4dd901b90 .scope module, "pc_unit" "pc" 3 86, 12 16 0, S_0x55c4dd8f3cb0;
 .timescale -9 -12;
    .port_info 0 /INPUT 1 "clk";
    .port_info 1 /INPUT 1 "rst";
    .port_info 2 /INPUT 1 "pc_en";
    .port_info 3 /INPUT 1 "pc_load";
    .port_info 4 /INPUT 8 "pc_in";
    .port_info 5 /OUTPUT 8 "pc_out";
v0x55c4dd901d70_0 .net "clk", 0 0, v0x55c4dd908210_0;  alias, 1 drivers
v0x55c4dd901e30_0 .net "pc_en", 0 0, v0x55c4dd8fc770_0;  alias, 1 drivers
v0x55c4dd901ef0_0 .net "pc_in", 7 0, L_0x55c4dd9089c0;  alias, 1 drivers
v0x55c4dd901fc0_0 .net "pc_load", 0 0, v0x55c4dd8fc830_0;  alias, 1 drivers
v0x55c4dd902090_0 .var "pc_out", 7 0;
v0x55c4dd902180_0 .net "rst", 0 0, v0x55c4dd908740_0;  alias, 1 drivers
S_0x55c4dd9022a0 .scope module, "regs" "register_file" 3 147, 13 4 0, S_0x55c4dd8f3cb0;
 .timescale -9 -12;
    .port_info 0 /INPUT 1 "clk";
    .port_info 1 /INPUT 1 "rst";
    .port_info 2 /INPUT 16 "bus_in";
    .port_info 3 /INPUT 2 "reg_out_sel";
    .port_info 4 /INPUT 2 "reg_in_sel";
    .port_info 5 /INPUT 1 "reg_in_en";
    .port_info 6 /OUTPUT 16 "reg_out";
    .port_info 7 /OUTPUT 16 "R0_debug";
    .port_info 8 /OUTPUT 16 "R1_debug";
    .port_info 9 /OUTPUT 16 "R2_debug";
v0x55c4dd902640_0 .var "R0_debug", 15 0;
v0x55c4dd902740_0 .var "R1_debug", 15 0;
v0x55c4dd902820_0 .var "R2_debug", 15 0;
v0x55c4dd902910_0 .net "bus_in", 15 0, v0x55c4dd903750_0;  alias, 1 drivers
v0x55c4dd902a60_0 .net "clk", 0 0, v0x55c4dd908210_0;  alias, 1 drivers
v0x55c4dd902b00_0 .var "r0", 15 0;
v0x55c4dd902be0_0 .var "r1", 15 0;
v0x55c4dd902cc0_0 .var "r2", 15 0;
v0x55c4dd902da0_0 .net "reg_in_en", 0 0, v0x55c4dd8fc8f0_0;  alias, 1 drivers
v0x55c4dd902ed0_0 .net "reg_in_sel", 1 0, v0x55c4dd8fc9b0_0;  alias, 1 drivers
v0x55c4dd902fa0_0 .var "reg_out", 15 0;
v0x55c4dd903060_0 .net "reg_out_sel", 1 0, v0x55c4dd8fcb50_0;  alias, 1 drivers
v0x55c4dd903150_0 .net "rst", 0 0, v0x55c4dd908740_0;  alias, 1 drivers
E_0x55c4dd80edd0 .event anyedge, v0x55c4dd902b00_0, v0x55c4dd902be0_0, v0x55c4dd902cc0_0;
E_0x55c4dd810870 .event anyedge, v0x55c4dd8fcb50_0, v0x55c4dd902b00_0, v0x55c4dd902be0_0, v0x55c4dd902cc0_0;
S_0x55c4dd903370 .scope module, "shared_bus" "bus_mux" 3 202, 14 17 0, S_0x55c4dd8f3cb0;
 .timescale -9 -12;
    .port_info 0 /INPUT 16 "reg_data";
    .port_info 1 /INPUT 16 "G_data";
    .port_info 2 /INPUT 16 "immediate";
    .port_info 3 /INPUT 16 "memory_data";
    .port_info 4 /INPUT 4 "bus_sel";
    .port_info 5 /OUTPUT 16 "bus_out";
v0x55c4dd903620_0 .net "G_data", 15 0, v0x55c4dd8a84d0_0;  alias, 1 drivers
v0x55c4dd903750_0 .var "bus_out", 15 0;
v0x55c4dd903810_0 .net "bus_sel", 3 0, v0x55c4dd8fbdd0_0;  alias, 1 drivers
v0x55c4dd9038e0_0 .net "immediate", 15 0, L_0x55c4dd908a60;  alias, 1 drivers
v0x55c4dd9039a0_0 .net "memory_data", 15 0, L_0x55c4dd8a2520;  alias, 1 drivers
v0x55c4dd903ab0_0 .net "reg_data", 15 0, L_0x55c4dd91b660;  1 drivers
E_0x55c4dd811a30/0 .event anyedge, v0x55c4dd8fbdd0_0, v0x55c4dd903ab0_0, v0x55c4dd8a84d0_0, v0x55c4dd9038e0_0;
E_0x55c4dd811a30/1 .event anyedge, v0x55c4dd9009d0_0;
E_0x55c4dd811a30 .event/or E_0x55c4dd811a30/0, E_0x55c4dd811a30/1;
S_0x55c4dd903c30 .scope module, "sp_unit" "stack_pointer" 3 72, 15 1 0, S_0x55c4dd8f3cb0;
 .timescale -9 -12;
    .port_info 0 /INPUT 1 "clk";
    .port_info 1 /INPUT 1 "rst";
    .port_info 2 /INPUT 1 "sp_push";
    .port_info 3 /INPUT 1 "sp_pop";
    .port_info 4 /INPUT 1 "use_sp_addr";
    .port_info 5 /INPUT 8 "imm8";
    .port_info 6 /OUTPUT 8 "dmem_addr";
    .port_info 7 /OUTPUT 8 "sp_debug";
L_0x55c4dd8d1d90 .functor BUFZ 8, v0x55c4dd903fb0_0, C4<00000000>, C4<00000000>, C4<00000000>;
v0x55c4dd903fb0_0 .var "SP", 7 0;
v0x55c4dd9040b0_0 .net "clk", 0 0, v0x55c4dd908210_0;  alias, 1 drivers
v0x55c4dd904280_0 .net "dmem_addr", 7 0, L_0x55c4dd908be0;  alias, 1 drivers
v0x55c4dd904380_0 .net "imm8", 7 0, L_0x55c4dd9089c0;  alias, 1 drivers
v0x55c4dd904450_0 .net "rst", 0 0, v0x55c4dd908740_0;  alias, 1 drivers
v0x55c4dd904650_0 .net "sp_debug", 7 0, L_0x55c4dd8d1d90;  alias, 1 drivers
v0x55c4dd9046f0_0 .net "sp_pop", 0 0, v0x55c4dd8fce90_0;  alias, 1 drivers
v0x55c4dd904790_0 .net "sp_push", 0 0, v0x55c4dd8fcf50_0;  alias, 1 drivers
v0x55c4dd904860_0 .net "use_sp_addr", 0 0, v0x55c4dd8fd290_0;  alias, 1 drivers
L_0x55c4dd908be0 .functor MUXZ 8, L_0x55c4dd9089c0, v0x55c4dd903fb0_0, v0x55c4dd8fd290_0, C4<>;
S_0x55c4dd9049d0 .scope module, "status" "status_register" 3 191, 16 13 0, S_0x55c4dd8f3cb0;
 .timescale -9 -12;
    .port_info 0 /INPUT 1 "clk";
    .port_info 1 /INPUT 1 "rst";
    .port_info 2 /INPUT 1 "status_en";
    .port_info 3 /INPUT 16 "alu_result";
    .port_info 4 /OUTPUT 1 "zero_flag";
v0x55c4dd904c40_0 .net "alu_result", 15 0, v0x55c4dd8cd610_0;  alias, 1 drivers
v0x55c4dd904d20_0 .net "clk", 0 0, v0x55c4dd908210_0;  alias, 1 drivers
v0x55c4dd904de0_0 .net "rst", 0 0, v0x55c4dd908740_0;  alias, 1 drivers
v0x55c4dd904eb0_0 .net "status_en", 0 0, v0x55c4dd8fd1d0_0;  alias, 1 drivers
v0x55c4dd904f80_0 .var "zero_flag", 0 0;
    .scope S_0x55c4dd903c30;
T_14 ;
    %wait E_0x55c4dd80c170;
    %load/vec4 v0x55c4dd904450_0;
    %flag_set/vec4 8;
    %jmp/0xz  T_14.0, 8;
    %pushi/vec4 255, 0, 8;
    %assign/vec4 v0x55c4dd903fb0_0, 0;
    %jmp T_14.1;
T_14.0 ;
    %load/vec4 v0x55c4dd904790_0;
    %flag_set/vec4 8;
    %jmp/0xz  T_14.2, 8;
    %load/vec4 v0x55c4dd903fb0_0;
    %subi 1, 0, 8;
    %assign/vec4 v0x55c4dd903fb0_0, 0;
    %jmp T_14.3;
T_14.2 ;
    %load/vec4 v0x55c4dd9046f0_0;
    %flag_set/vec4 8;
    %jmp/0xz  T_14.4, 8;
    %load/vec4 v0x55c4dd903fb0_0;
    %addi 1, 0, 8;
    %assign/vec4 v0x55c4dd903fb0_0, 0;
T_14.4 ;
T_14.3 ;
T_14.1 ;
    %jmp T_14;
    .thread T_14;
    .scope S_0x55c4dd901b90;
T_15 ;
    %wait E_0x55c4dd80c170;
    %load/vec4 v0x55c4dd902180_0;
    %flag_set/vec4 8;
    %jmp/0xz  T_15.0, 8;
    %pushi/vec4 0, 0, 8;
    %assign/vec4 v0x55c4dd902090_0, 0;
    %jmp T_15.1;
T_15.0 ;
    %load/vec4 v0x55c4dd901fc0_0;
    %flag_set/vec4 8;
    %jmp/0xz  T_15.2, 8;
    %load/vec4 v0x55c4dd901ef0_0;
    %assign/vec4 v0x55c4dd902090_0, 0;
    %jmp T_15.3;
T_15.2 ;
    %load/vec4 v0x55c4dd901e30_0;
    %flag_set/vec4 8;
    %jmp/0xz  T_15.4, 8;
    %load/vec4 v0x55c4dd902090_0;
    %addi 1, 0, 8;
    %assign/vec4 v0x55c4dd902090_0, 0;
T_15.4 ;
T_15.3 ;
T_15.1 ;
    %jmp T_15;
    .thread T_15;
    .scope S_0x55c4dd900d80;
T_16 ;
    %pushi/vec4 10, 0, 16;
    %ix/load 4, 0, 0;
    %flag_set/imm 4, 0;
    %store/vec4a v0x55c4dd901390, 4, 0;
    %pushi/vec4 1044, 0, 16;
    %ix/load 4, 1, 0;
    %flag_set/imm 4, 0;
    %store/vec4a v0x55c4dd901390, 4, 0;
    %pushi/vec4 2078, 0, 16;
    %ix/load 4, 2, 0;
    %flag_set/imm 4, 0;
    %store/vec4a v0x55c4dd901390, 4, 0;
    %pushi/vec4 49152, 0, 16;
    %ix/load 4, 3, 0;
    %flag_set/imm 4, 0;
    %store/vec4a v0x55c4dd901390, 4, 0;
    %pushi/vec4 50176, 0, 16;
    %ix/load 4, 4, 0;
    %flag_set/imm 4, 0;
    %store/vec4a v0x55c4dd901390, 4, 0;
    %pushi/vec4 51200, 0, 16;
    %ix/load 4, 5, 0;
    %flag_set/imm 4, 0;
    %store/vec4a v0x55c4dd901390, 4, 0;
    %pushi/vec4 0, 0, 16;
    %ix/load 4, 6, 0;
    %flag_set/imm 4, 0;
    %store/vec4a v0x55c4dd901390, 4, 0;
    %pushi/vec4 1024, 0, 16;
    %ix/load 4, 7, 0;
    %flag_set/imm 4, 0;
    %store/vec4a v0x55c4dd901390, 4, 0;
    %pushi/vec4 2048, 0, 16;
    %ix/load 4, 8, 0;
    %flag_set/imm 4, 0;
    %store/vec4a v0x55c4dd901390, 4, 0;
    %pushi/vec4 53248, 0, 16;
    %ix/load 4, 9, 0;
    %flag_set/imm 4, 0;
    %store/vec4a v0x55c4dd901390, 4, 0;
    %pushi/vec4 54272, 0, 16;
    %ix/load 4, 10, 0;
    %flag_set/imm 4, 0;
    %store/vec4a v0x55c4dd901390, 4, 0;
    %pushi/vec4 55296, 0, 16;
    %ix/load 4, 11, 0;
    %flag_set/imm 4, 0;
    %store/vec4a v0x55c4dd901390, 4, 0;
    %pushi/vec4 10, 0, 16;
    %ix/load 4, 0, 0;
    %flag_set/imm 4, 0;
    %store/vec4a v0x55c4dd901390, 4, 0;
    %pushi/vec4 8192, 0, 16;
    %ix/load 4, 1, 0;
    %flag_set/imm 4, 0;
    %store/vec4a v0x55c4dd901390, 4, 0;
    %pushi/vec4 8192, 0, 16;
    %ix/load 4, 2, 0;
    %flag_set/imm 4, 0;
    %store/vec4a v0x55c4dd901390, 4, 0;
    %pushi/vec4 8192, 0, 16;
    %ix/load 4, 3, 0;
    %flag_set/imm 4, 0;
    %store/vec4a v0x55c4dd901390, 4, 0;
    %pushi/vec4 8192, 0, 16;
    %ix/load 4, 4, 0;
    %flag_set/imm 4, 0;
    %store/vec4a v0x55c4dd901390, 4, 0;
    %pushi/vec4 1044, 0, 16;
    %ix/load 4, 5, 0;
    %flag_set/imm 4, 0;
    %store/vec4a v0x55c4dd901390, 4, 0;
    %pushi/vec4 20736, 0, 16;
    %ix/load 4, 6, 0;
    %flag_set/imm 4, 0;
    %store/vec4a v0x55c4dd901390, 4, 0;
    %pushi/vec4 1054, 0, 16;
    %ix/load 4, 7, 0;
    %flag_set/imm 4, 0;
    %store/vec4a v0x55c4dd901390, 4, 0;
    %pushi/vec4 9472, 0, 16;
    %ix/load 4, 8, 0;
    %flag_set/imm 4, 0;
    %store/vec4a v0x55c4dd901390, 4, 0;
    %pushi/vec4 9472, 0, 16;
    %ix/load 4, 9, 0;
    %flag_set/imm 4, 0;
    %store/vec4a v0x55c4dd901390, 4, 0;
    %pushi/vec4 9472, 0, 16;
    %ix/load 4, 10, 0;
    %flag_set/imm 4, 0;
    %store/vec4a v0x55c4dd901390, 4, 0;
    %pushi/vec4 9472, 0, 16;
    %ix/load 4, 11, 0;
    %flag_set/imm 4, 0;
    %store/vec4a v0x55c4dd901390, 4, 0;
    %pushi/vec4 2068, 0, 16;
    %ix/load 4, 12, 0;
    %flag_set/imm 4, 0;
    %store/vec4a v0x55c4dd901390, 4, 0;
    %pushi/vec4 22016, 0, 16;
    %ix/load 4, 13, 0;
    %flag_set/imm 4, 0;
    %store/vec4a v0x55c4dd901390, 4, 0;
    %pushi/vec4 14370, 0, 16;
    %ix/load 4, 14, 0;
    %flag_set/imm 4, 0;
    %store/vec4a v0x55c4dd901390, 4, 0;
    %pushi/vec4 14498, 0, 16;
    %ix/load 4, 27, 0;
    %flag_set/imm 4, 0;
    %store/vec4a v0x55c4dd901390, 4, 0;
    %pushi/vec4 61440, 0, 16;
    %ix/load 4, 15, 0;
    %flag_set/imm 4, 0;
    %store/vec4a v0x55c4dd901390, 4, 0;
    %end;
    .thread T_16;
    .scope S_0x55c4dd9014b0;
T_17 ;
    %wait E_0x55c4dd80c170;
    %load/vec4 v0x55c4dd901a60_0;
    %flag_set/vec4 8;
    %jmp/0xz  T_17.0, 8;
    %pushi/vec4 0, 0, 16;
    %assign/vec4 v0x55c4dd9018f0_0, 0;
    %jmp T_17.1;
T_17.0 ;
    %load/vec4 v0x55c4dd901990_0;
    %flag_set/vec4 8;
    %jmp/0xz  T_17.2, 8;
    %load/vec4 v0x55c4dd901830_0;
    %assign/vec4 v0x55c4dd9018f0_0, 0;
T_17.2 ;
T_17.1 ;
    %jmp T_17;
    .thread T_17;
    .scope S_0x55c4dd8f7790;
T_18 ;
    %wait E_0x55c4dd80c170;
    %load/vec4 v0x55c4dd8fcc30_0;
    %flag_set/vec4 8;
    %jmp/0xz  T_18.0, 8;
    %pushi/vec4 0, 0, 4;
    %assign/vec4 v0x55c4dd8fd010_0, 0;
    %jmp T_18.1;
T_18.0 ;
    %load/vec4 v0x55c4dd8fc4d0_0;
    %assign/vec4 v0x55c4dd8fd010_0, 0;
T_18.1 ;
    %jmp T_18;
    .thread T_18;
    .scope S_0x55c4dd8f7790;
T_19 ;
    %wait E_0x55c4dd80e4f0;
    %load/vec4 v0x55c4dd8fc120_0;
    %parti/s 4, 12, 5;
    %store/vec4 v0x55c4dd8fc5b0_0, 0, 4;
    %load/vec4 v0x55c4dd8fc120_0;
    %parti/s 12, 0, 2;
    %store/vec4 v0x55c4dd8fc690_0, 0, 12;
    %load/vec4 v0x55c4dd8fc690_0;
    %parti/s 2, 10, 5;
    %store/vec4 v0x55c4dd8fccd0_0, 0, 2;
    %load/vec4 v0x55c4dd8fc690_0;
    %parti/s 2, 8, 5;
    %store/vec4 v0x55c4dd8fcdb0_0, 0, 2;
    %jmp T_19;
    .thread T_19, $push;
    .scope S_0x55c4dd8f7790;
T_20 ;
    %wait E_0x55c4dd80dc10;
    %load/vec4 v0x55c4dd8fd010_0;
    %dup/vec4;
    %pushi/vec4 0, 0, 4;
    %cmp/u;
    %jmp/1 T_20.0, 6;
    %dup/vec4;
    %pushi/vec4 1, 0, 4;
    %cmp/u;
    %jmp/1 T_20.1, 6;
    %dup/vec4;
    %pushi/vec4 2, 0, 4;
    %cmp/u;
    %jmp/1 T_20.2, 6;
    %dup/vec4;
    %pushi/vec4 3, 0, 4;
    %cmp/u;
    %jmp/1 T_20.3, 6;
    %dup/vec4;
    %pushi/vec4 4, 0, 4;
    %cmp/u;
    %jmp/1 T_20.4, 6;
    %dup/vec4;
    %pushi/vec4 5, 0, 4;
    %cmp/u;
    %jmp/1 T_20.5, 6;
    %dup/vec4;
    %pushi/vec4 6, 0, 4;
    %cmp/u;
    %jmp/1 T_20.6, 6;
    %dup/vec4;
    %pushi/vec4 7, 0, 4;
    %cmp/u;
    %jmp/1 T_20.7, 6;
    %dup/vec4;
    %pushi/vec4 8, 0, 4;
    %cmp/u;
    %jmp/1 T_20.8, 6;
    %dup/vec4;
    %pushi/vec4 9, 0, 4;
    %cmp/u;
    %jmp/1 T_20.9, 6;
    %dup/vec4;
    %pushi/vec4 10, 0, 4;
    %cmp/u;
    %jmp/1 T_20.10, 6;
    %pushi/vec4 0, 0, 4;
    %store/vec4 v0x55c4dd8fc4d0_0, 0, 4;
    %jmp T_20.12;
T_20.0 ;
    %pushi/vec4 1, 0, 4;
    %store/vec4 v0x55c4dd8fc4d0_0, 0, 4;
    %jmp T_20.12;
T_20.1 ;
    %pushi/vec4 2, 0, 4;
    %store/vec4 v0x55c4dd8fc4d0_0, 0, 4;
    %jmp T_20.12;
T_20.2 ;
    %load/vec4 v0x55c4dd8fc5b0_0;
    %dup/vec4;
    %pushi/vec4 2, 0, 4;
    %cmp/u;
    %jmp/1 T_20.13, 6;
    %dup/vec4;
    %pushi/vec4 3, 0, 4;
    %cmp/u;
    %jmp/1 T_20.14, 6;
    %dup/vec4;
    %pushi/vec4 4, 0, 4;
    %cmp/u;
    %jmp/1 T_20.15, 6;
    %dup/vec4;
    %pushi/vec4 5, 0, 4;
    %cmp/u;
    %jmp/1 T_20.16, 6;
    %dup/vec4;
    %pushi/vec4 6, 0, 4;
    %cmp/u;
    %jmp/1 T_20.17, 6;
    %dup/vec4;
    %pushi/vec4 7, 0, 4;
    %cmp/u;
    %jmp/1 T_20.18, 6;
    %dup/vec4;
    %pushi/vec4 14, 0, 4;
    %cmp/u;
    %jmp/1 T_20.19, 6;
    %dup/vec4;
    %pushi/vec4 12, 0, 4;
    %cmp/u;
    %jmp/1 T_20.20, 6;
    %dup/vec4;
    %pushi/vec4 13, 0, 4;
    %cmp/u;
    %jmp/1 T_20.21, 6;
    %dup/vec4;
    %pushi/vec4 15, 0, 4;
    %cmp/u;
    %jmp/1 T_20.22, 6;
    %pushi/vec4 0, 0, 4;
    %store/vec4 v0x55c4dd8fc4d0_0, 0, 4;
    %jmp T_20.24;
T_20.13 ;
    %pushi/vec4 3, 0, 4;
    %store/vec4 v0x55c4dd8fc4d0_0, 0, 4;
    %jmp T_20.24;
T_20.14 ;
    %pushi/vec4 3, 0, 4;
    %store/vec4 v0x55c4dd8fc4d0_0, 0, 4;
    %jmp T_20.24;
T_20.15 ;
    %pushi/vec4 3, 0, 4;
    %store/vec4 v0x55c4dd8fc4d0_0, 0, 4;
    %jmp T_20.24;
T_20.16 ;
    %pushi/vec4 3, 0, 4;
    %store/vec4 v0x55c4dd8fc4d0_0, 0, 4;
    %jmp T_20.24;
T_20.17 ;
    %pushi/vec4 3, 0, 4;
    %store/vec4 v0x55c4dd8fc4d0_0, 0, 4;
    %jmp T_20.24;
T_20.18 ;
    %pushi/vec4 3, 0, 4;
    %store/vec4 v0x55c4dd8fc4d0_0, 0, 4;
    %jmp T_20.24;
T_20.19 ;
    %pushi/vec4 3, 0, 4;
    %store/vec4 v0x55c4dd8fc4d0_0, 0, 4;
    %jmp T_20.24;
T_20.20 ;
    %pushi/vec4 7, 0, 4;
    %store/vec4 v0x55c4dd8fc4d0_0, 0, 4;
    %jmp T_20.24;
T_20.21 ;
    %pushi/vec4 9, 0, 4;
    %store/vec4 v0x55c4dd8fc4d0_0, 0, 4;
    %jmp T_20.24;
T_20.22 ;
    %pushi/vec4 6, 0, 4;
    %store/vec4 v0x55c4dd8fc4d0_0, 0, 4;
    %jmp T_20.24;
T_20.24 ;
    %pop/vec4 1;
    %jmp T_20.12;
T_20.3 ;
    %pushi/vec4 4, 0, 4;
    %store/vec4 v0x55c4dd8fc4d0_0, 0, 4;
    %jmp T_20.12;
T_20.4 ;
    %pushi/vec4 5, 0, 4;
    %store/vec4 v0x55c4dd8fc4d0_0, 0, 4;
    %jmp T_20.12;
T_20.5 ;
    %pushi/vec4 0, 0, 4;
    %store/vec4 v0x55c4dd8fc4d0_0, 0, 4;
    %jmp T_20.12;
T_20.6 ;
    %pushi/vec4 6, 0, 4;
    %store/vec4 v0x55c4dd8fc4d0_0, 0, 4;
    %jmp T_20.12;
T_20.7 ;
    %pushi/vec4 8, 0, 4;
    %store/vec4 v0x55c4dd8fc4d0_0, 0, 4;
    %jmp T_20.12;
T_20.8 ;
    %pushi/vec4 0, 0, 4;
    %store/vec4 v0x55c4dd8fc4d0_0, 0, 4;
    %jmp T_20.12;
T_20.9 ;
    %pushi/vec4 10, 0, 4;
    %store/vec4 v0x55c4dd8fc4d0_0, 0, 4;
    %jmp T_20.12;
T_20.10 ;
    %pushi/vec4 0, 0, 4;
    %store/vec4 v0x55c4dd8fc4d0_0, 0, 4;
    %jmp T_20.12;
T_20.12 ;
    %pop/vec4 1;
    %jmp T_20;
    .thread T_20, $push;
    .scope S_0x55c4dd8f7790;
T_21 ;
    %wait E_0x55c4dd80d330;
    %pushi/vec4 0, 0, 32;
    %store/vec4 v0x55c4dd8fbf80_0, 0, 32;
    %load/vec4 v0x55c4dd8fd010_0;
    %dup/vec4;
    %pushi/vec4 0, 0, 4;
    %cmp/u;
    %jmp/1 T_21.0, 6;
    %dup/vec4;
    %pushi/vec4 1, 0, 4;
    %cmp/u;
    %jmp/1 T_21.1, 6;
    %dup/vec4;
    %pushi/vec4 2, 0, 4;
    %cmp/u;
    %jmp/1 T_21.2, 6;
    %dup/vec4;
    %pushi/vec4 3, 0, 4;
    %cmp/u;
    %jmp/1 T_21.3, 6;
    %dup/vec4;
    %pushi/vec4 4, 0, 4;
    %cmp/u;
    %jmp/1 T_21.4, 6;
    %dup/vec4;
    %pushi/vec4 5, 0, 4;
    %cmp/u;
    %jmp/1 T_21.5, 6;
    %dup/vec4;
    %pushi/vec4 7, 0, 4;
    %cmp/u;
    %jmp/1 T_21.6, 6;
    %dup/vec4;
    %pushi/vec4 8, 0, 4;
    %cmp/u;
    %jmp/1 T_21.7, 6;
    %dup/vec4;
    %pushi/vec4 9, 0, 4;
    %cmp/u;
    %jmp/1 T_21.8, 6;
    %dup/vec4;
    %pushi/vec4 10, 0, 4;
    %cmp/u;
    %jmp/1 T_21.9, 6;
    %dup/vec4;
    %pushi/vec4 6, 0, 4;
    %cmp/u;
    %jmp/1 T_21.10, 6;
    %pushi/vec4 0, 0, 32;
    %store/vec4 v0x55c4dd8fbf80_0, 0, 32;
    %jmp T_21.12;
T_21.0 ;
    %fork TD_processor_TB.uut.controller.fetch_step, S_0x55c4dd8f8980;
    %join;
    %load/vec4 v0x55c4dd8f8b80_0;
    %store/vec4 v0x55c4dd8fbf80_0, 0, 32;
    %jmp T_21.12;
T_21.1 ;
    %fork TD_processor_TB.uut.controller.pc_increment_step, S_0x55c4dd8f90c0;
    %join;
    %load/vec4 v0x55c4dd8f92a0_0;
    %store/vec4 v0x55c4dd8fbf80_0, 0, 32;
    %jmp T_21.12;
T_21.2 ;
    %load/vec4 v0x55c4dd8fc5b0_0;
    %store/vec4 v0x55c4dd8fad50_0, 0, 4;
    %load/vec4 v0x55c4dd8fc690_0;
    %store/vec4 v0x55c4dd8fae30_0, 0, 12;
    %load/vec4 v0x55c4dd8fd350_0;
    %store/vec4 v0x55c4dd8fb100_0, 0, 1;
    %fork TD_processor_TB.uut.controller.simple_instruction_step, S_0x55c4dd8faa70;
    %join;
    %load/vec4 v0x55c4dd8fac50_0;
    %store/vec4 v0x55c4dd8fbf80_0, 0, 32;
    %jmp T_21.12;
T_21.3 ;
    %load/vec4 v0x55c4dd8fc5b0_0;
    %store/vec4 v0x55c4dd8f8f20_0, 0, 4;
    %load/vec4 v0x55c4dd8fc690_0;
    %store/vec4 v0x55c4dd8f9000_0, 0, 12;
    %fork TD_processor_TB.uut.controller.load_step, S_0x55c4dd8f8c60;
    %join;
    %load/vec4 v0x55c4dd8f8e40_0;
    %store/vec4 v0x55c4dd8fbf80_0, 0, 32;
    %jmp T_21.12;
T_21.4 ;
    %load/vec4 v0x55c4dd8fc5b0_0;
    %store/vec4 v0x55c4dd8f8690_0, 0, 4;
    %load/vec4 v0x55c4dd8fc690_0;
    %store/vec4 v0x55c4dd8f8770_0, 0, 12;
    %fork TD_processor_TB.uut.controller.execute_step, S_0x55c4dd8f81f0;
    %join;
    %load/vec4 v0x55c4dd8f84f0_0;
    %store/vec4 v0x55c4dd8fbf80_0, 0, 32;
    %jmp T_21.12;
T_21.5 ;
    %load/vec4 v0x55c4dd8fc5b0_0;
    %store/vec4 v0x55c4dd8fb920_0, 0, 4;
    %load/vec4 v0x55c4dd8fc690_0;
    %store/vec4 v0x55c4dd8fba00_0, 0, 12;
    %fork TD_processor_TB.uut.controller.writeback_step, S_0x55c4dd8fb640;
    %join;
    %load/vec4 v0x55c4dd8fb820_0;
    %store/vec4 v0x55c4dd8fbf80_0, 0, 32;
    %jmp T_21.12;
T_21.6 ;
    %load/vec4 v0x55c4dd8fccd0_0;
    %store/vec4 v0x55c4dd8fa050_0, 0, 2;
    %fork TD_processor_TB.uut.controller.push_write_step, S_0x55c4dd8f9d70;
    %join;
    %load/vec4 v0x55c4dd8f9f50_0;
    %store/vec4 v0x55c4dd8fbf80_0, 0, 32;
    %jmp T_21.12;
T_21.7 ;
    %fork TD_processor_TB.uut.controller.push_dec_step, S_0x55c4dd8f9a90;
    %join;
    %load/vec4 v0x55c4dd8f9c70_0;
    %store/vec4 v0x55c4dd8fbf80_0, 0, 32;
    %jmp T_21.12;
T_21.8 ;
    %fork TD_processor_TB.uut.controller.pop_inc_step, S_0x55c4dd8f93a0;
    %join;
    %load/vec4 v0x55c4dd8f95d0_0;
    %store/vec4 v0x55c4dd8fbf80_0, 0, 32;
    %jmp T_21.12;
T_21.9 ;
    %load/vec4 v0x55c4dd8fccd0_0;
    %store/vec4 v0x55c4dd8f99b0_0, 0, 2;
    %fork TD_processor_TB.uut.controller.pop_read_step, S_0x55c4dd8f96d0;
    %join;
    %load/vec4 v0x55c4dd8f98b0_0;
    %store/vec4 v0x55c4dd8fbf80_0, 0, 32;
    %jmp T_21.12;
T_21.10 ;
    %pushi/vec4 0, 0, 32;
    %store/vec4 v0x55c4dd8fbf80_0, 0, 32;
    %pushi/vec4 1, 0, 1;
    %ix/load 4, 11, 0;
    %flag_set/imm 4, 0;
    %store/vec4 v0x55c4dd8fbf80_0, 4, 1;
    %jmp T_21.12;
T_21.12 ;
    %pop/vec4 1;
    %load/vec4 v0x55c4dd8fbf80_0;
    %parti/s 4, 28, 6;
    %store/vec4 v0x55c4dd8fbdd0_0, 0, 4;
    %load/vec4 v0x55c4dd8fbf80_0;
    %parti/s 2, 26, 6;
    %store/vec4 v0x55c4dd8fcb50_0, 0, 2;
    %load/vec4 v0x55c4dd8fbf80_0;
    %parti/s 1, 25, 6;
    %store/vec4 v0x55c4dd8fca90_0, 0, 1;
    %load/vec4 v0x55c4dd8fbf80_0;
    %parti/s 2, 23, 6;
    %store/vec4 v0x55c4dd8fc9b0_0, 0, 2;
    %load/vec4 v0x55c4dd8fbf80_0;
    %parti/s 1, 22, 6;
    %store/vec4 v0x55c4dd8fc8f0_0, 0, 1;
    %load/vec4 v0x55c4dd8fbf80_0;
    %parti/s 1, 21, 6;
    %store/vec4 v0x55c4dd8fbac0_0, 0, 1;
    %load/vec4 v0x55c4dd8fbf80_0;
    %parti/s 1, 20, 6;
    %store/vec4 v0x55c4dd8fbbd0_0, 0, 1;
    %load/vec4 v0x55c4dd8fbf80_0;
    %parti/s 3, 17, 6;
    %store/vec4 v0x55c4dd8fbce0_0, 0, 3;
    %load/vec4 v0x55c4dd8fbf80_0;
    %parti/s 1, 16, 6;
    %store/vec4 v0x55c4dd8fd1d0_0, 0, 1;
    %load/vec4 v0x55c4dd8fbf80_0;
    %parti/s 1, 15, 5;
    %store/vec4 v0x55c4dd8fc770_0, 0, 1;
    %load/vec4 v0x55c4dd8fbf80_0;
    %parti/s 1, 14, 5;
    %store/vec4 v0x55c4dd8fc830_0, 0, 1;
    %load/vec4 v0x55c4dd8fbf80_0;
    %parti/s 1, 13, 5;
    %store/vec4 v0x55c4dd8fc200_0, 0, 1;
    %load/vec4 v0x55c4dd8fbf80_0;
    %parti/s 1, 12, 5;
    %store/vec4 v0x55c4dd8fc350_0, 0, 1;
    %load/vec4 v0x55c4dd8fbf80_0;
    %parti/s 1, 11, 5;
    %store/vec4 v0x55c4dd8fc060_0, 0, 1;
    %load/vec4 v0x55c4dd8fbf80_0;
    %parti/s 1, 10, 5;
    %store/vec4 v0x55c4dd8fcf50_0, 0, 1;
    %load/vec4 v0x55c4dd8fbf80_0;
    %parti/s 1, 9, 5;
    %store/vec4 v0x55c4dd8fce90_0, 0, 1;
    %load/vec4 v0x55c4dd8fbf80_0;
    %parti/s 1, 8, 5;
    %store/vec4 v0x55c4dd8fd290_0, 0, 1;
    %load/vec4 v0x55c4dd8fbf80_0;
    %parti/s 2, 6, 4;
    %store/vec4 v0x55c4dd8fc410_0, 0, 2;
    %load/vec4 v0x55c4dd8fd010_0;
    %store/vec4 v0x55c4dd8fd0f0_0, 0, 4;
    %jmp T_21;
    .thread T_21, $push;
    .scope S_0x55c4dd9022a0;
T_22 ;
    %wait E_0x55c4dd80c170;
    %load/vec4 v0x55c4dd903150_0;
    %flag_set/vec4 8;
    %jmp/0xz  T_22.0, 8;
    %pushi/vec4 0, 0, 16;
    %assign/vec4 v0x55c4dd902b00_0, 0;
    %pushi/vec4 0, 0, 16;
    %assign/vec4 v0x55c4dd902be0_0, 0;
    %pushi/vec4 0, 0, 16;
    %assign/vec4 v0x55c4dd902cc0_0, 0;
    %jmp T_22.1;
T_22.0 ;
    %load/vec4 v0x55c4dd902da0_0;
    %flag_set/vec4 8;
    %jmp/0xz  T_22.2, 8;
    %load/vec4 v0x55c4dd902ed0_0;
    %dup/vec4;
    %pushi/vec4 0, 0, 2;
    %cmp/u;
    %jmp/1 T_22.4, 6;
    %dup/vec4;
    %pushi/vec4 1, 0, 2;
    %cmp/u;
    %jmp/1 T_22.5, 6;
    %dup/vec4;
    %pushi/vec4 2, 0, 2;
    %cmp/u;
    %jmp/1 T_22.6, 6;
    %jmp T_22.8;
T_22.4 ;
    %load/vec4 v0x55c4dd902910_0;
    %assign/vec4 v0x55c4dd902b00_0, 0;
    %jmp T_22.8;
T_22.5 ;
    %load/vec4 v0x55c4dd902910_0;
    %assign/vec4 v0x55c4dd902be0_0, 0;
    %jmp T_22.8;
T_22.6 ;
    %load/vec4 v0x55c4dd902910_0;
    %assign/vec4 v0x55c4dd902cc0_0, 0;
    %jmp T_22.8;
T_22.8 ;
    %pop/vec4 1;
T_22.2 ;
T_22.1 ;
    %jmp T_22;
    .thread T_22;
    .scope S_0x55c4dd9022a0;
T_23 ;
    %wait E_0x55c4dd810870;
    %load/vec4 v0x55c4dd903060_0;
    %dup/vec4;
    %pushi/vec4 0, 0, 2;
    %cmp/u;
    %jmp/1 T_23.0, 6;
    %dup/vec4;
    %pushi/vec4 1, 0, 2;
    %cmp/u;
    %jmp/1 T_23.1, 6;
    %dup/vec4;
    %pushi/vec4 2, 0, 2;
    %cmp/u;
    %jmp/1 T_23.2, 6;
    %pushi/vec4 0, 0, 16;
    %store/vec4 v0x55c4dd902fa0_0, 0, 16;
    %jmp T_23.4;
T_23.0 ;
    %load/vec4 v0x55c4dd902b00_0;
    %store/vec4 v0x55c4dd902fa0_0, 0, 16;
    %jmp T_23.4;
T_23.1 ;
    %load/vec4 v0x55c4dd902be0_0;
    %store/vec4 v0x55c4dd902fa0_0, 0, 16;
    %jmp T_23.4;
T_23.2 ;
    %load/vec4 v0x55c4dd902cc0_0;
    %store/vec4 v0x55c4dd902fa0_0, 0, 16;
    %jmp T_23.4;
T_23.4 ;
    %pop/vec4 1;
    %jmp T_23;
    .thread T_23, $push;
    .scope S_0x55c4dd9022a0;
T_24 ;
    %wait E_0x55c4dd80edd0;
    %load/vec4 v0x55c4dd902b00_0;
    %store/vec4 v0x55c4dd902640_0, 0, 16;
    %load/vec4 v0x55c4dd902be0_0;
    %store/vec4 v0x55c4dd902740_0, 0, 16;
    %load/vec4 v0x55c4dd902cc0_0;
    %store/vec4 v0x55c4dd902820_0, 0, 16;
    %jmp T_24;
    .thread T_24, $push;
    .scope S_0x55c4dd8f4090;
T_25 ;
    %wait E_0x55c4dd80c170;
    %load/vec4 v0x55c4dd8a2740_0;
    %flag_set/vec4 8;
    %jmp/0xz  T_25.0, 8;
    %pushi/vec4 0, 0, 16;
    %assign/vec4 v0x55c4dd8bf080_0, 0;
    %jmp T_25.1;
T_25.0 ;
    %load/vec4 v0x55c4dd8a2670_0;
    %flag_set/vec4 8;
    %jmp/0xz  T_25.2, 8;
    %load/vec4 v0x55c4dd8a1c40_0;
    %assign/vec4 v0x55c4dd8bf080_0, 0;
T_25.2 ;
T_25.1 ;
    %jmp T_25;
    .thread T_25;
    .scope S_0x55c4dd8f47d0;
T_26 ;
    %wait E_0x55c4dd80ca50;
    %load/vec4 v0x55c4dd8f5f90_0;
    %dup/vec4;
    %pushi/vec4 0, 0, 3;
    %cmp/u;
    %jmp/1 T_26.0, 6;
    %dup/vec4;
    %pushi/vec4 1, 0, 3;
    %cmp/u;
    %jmp/1 T_26.1, 6;
    %dup/vec4;
    %pushi/vec4 2, 0, 3;
    %cmp/u;
    %jmp/1 T_26.2, 6;
    %dup/vec4;
    %pushi/vec4 3, 0, 3;
    %cmp/u;
    %jmp/1 T_26.3, 6;
    %dup/vec4;
    %pushi/vec4 4, 0, 3;
    %cmp/u;
    %jmp/1 T_26.4, 6;
    %dup/vec4;
    %pushi/vec4 5, 0, 3;
    %cmp/u;
    %jmp/1 T_26.5, 6;
    %pushi/vec4 0, 0, 16;
    %store/vec4 v0x55c4dd8cd610_0, 0, 16;
    %jmp T_26.7;
T_26.0 ;
    %load/vec4 v0x55c4dd8f6070_0;
    %dup/vec4;
    %pushi/vec4 0, 0, 2;
    %cmp/u;
    %jmp/1 T_26.8, 6;
    %dup/vec4;
    %pushi/vec4 1, 0, 2;
    %cmp/u;
    %jmp/1 T_26.9, 6;
    %dup/vec4;
    %pushi/vec4 2, 0, 2;
    %cmp/u;
    %jmp/1 T_26.10, 6;
    %load/vec4 v0x55c4dd8b4f70_0;
    %load/vec4 v0x55c4dd8cd570_0;
    %add;
    %store/vec4 v0x55c4dd8cd610_0, 0, 16;
    %jmp T_26.12;
T_26.8 ;
    %load/vec4 v0x55c4dd8b4f70_0;
    %load/vec4 v0x55c4dd8cd570_0;
    %add;
    %store/vec4 v0x55c4dd8cd610_0, 0, 16;
    %jmp T_26.12;
T_26.9 ;
    %load/vec4 v0x55c4dd8f6150_0;
    %load/vec4 v0x55c4dd8f6230_0;
    %concat/vec4; draw_concat_vec4
    %store/vec4 v0x55c4dd8cd610_0, 0, 16;
    %jmp T_26.12;
T_26.10 ;
    %load/vec4 v0x55c4dd8f66e0_0;
    %load/vec4 v0x55c4dd8f67c0_0;
    %concat/vec4; draw_concat_vec4
    %load/vec4 v0x55c4dd8f68a0_0;
    %concat/vec4; draw_concat_vec4
    %load/vec4 v0x55c4dd8f6980_0;
    %concat/vec4; draw_concat_vec4
    %store/vec4 v0x55c4dd8cd610_0, 0, 16;
    %jmp T_26.12;
T_26.12 ;
    %pop/vec4 1;
    %jmp T_26.7;
T_26.1 ;
    %load/vec4 v0x55c4dd8f6070_0;
    %dup/vec4;
    %pushi/vec4 0, 0, 2;
    %cmp/u;
    %jmp/1 T_26.13, 6;
    %dup/vec4;
    %pushi/vec4 1, 0, 2;
    %cmp/u;
    %jmp/1 T_26.14, 6;
    %dup/vec4;
    %pushi/vec4 2, 0, 2;
    %cmp/u;
    %jmp/1 T_26.15, 6;
    %load/vec4 v0x55c4dd8b4f70_0;
    %load/vec4 v0x55c4dd8cd570_0;
    %sub;
    %store/vec4 v0x55c4dd8cd610_0, 0, 16;
    %jmp T_26.17;
T_26.13 ;
    %load/vec4 v0x55c4dd8b4f70_0;
    %load/vec4 v0x55c4dd8cd570_0;
    %sub;
    %store/vec4 v0x55c4dd8cd610_0, 0, 16;
    %jmp T_26.17;
T_26.14 ;
    %load/vec4 v0x55c4dd8f6310_0;
    %load/vec4 v0x55c4dd8f63f0_0;
    %concat/vec4; draw_concat_vec4
    %store/vec4 v0x55c4dd8cd610_0, 0, 16;
    %jmp T_26.17;
T_26.15 ;
    %load/vec4 v0x55c4dd8f6a60_0;
    %load/vec4 v0x55c4dd8f6b40_0;
    %concat/vec4; draw_concat_vec4
    %load/vec4 v0x55c4dd8f6c20_0;
    %concat/vec4; draw_concat_vec4
    %load/vec4 v0x55c4dd8f6d00_0;
    %concat/vec4; draw_concat_vec4
    %store/vec4 v0x55c4dd8cd610_0, 0, 16;
    %jmp T_26.17;
T_26.17 ;
    %pop/vec4 1;
    %jmp T_26.7;
T_26.2 ;
    %load/vec4 v0x55c4dd8b4f70_0;
    %load/vec4 v0x55c4dd8cd570_0;
    %and;
    %store/vec4 v0x55c4dd8cd610_0, 0, 16;
    %jmp T_26.7;
T_26.3 ;
    %load/vec4 v0x55c4dd8b4f70_0;
    %load/vec4 v0x55c4dd8cd570_0;
    %or;
    %store/vec4 v0x55c4dd8cd610_0, 0, 16;
    %jmp T_26.7;
T_26.4 ;
    %load/vec4 v0x55c4dd8b4f70_0;
    %load/vec4 v0x55c4dd8cd570_0;
    %xor;
    %store/vec4 v0x55c4dd8cd610_0, 0, 16;
    %jmp T_26.7;
T_26.5 ;
    %load/vec4 v0x55c4dd8b4f70_0;
    %addi 1, 0, 16;
    %store/vec4 v0x55c4dd8cd610_0, 0, 16;
    %jmp T_26.7;
T_26.7 ;
    %pop/vec4 1;
    %jmp T_26;
    .thread T_26, $push;
    .scope S_0x55c4dd8f44a0;
T_27 ;
    %wait E_0x55c4dd80c170;
    %load/vec4 v0x55c4dd8b4ed0_0;
    %flag_set/vec4 8;
    %jmp/0xz  T_27.0, 8;
    %pushi/vec4 0, 0, 16;
    %assign/vec4 v0x55c4dd8a84d0_0, 0;
    %jmp T_27.1;
T_27.0 ;
    %load/vec4 v0x55c4dd8d1680_0;
    %flag_set/vec4 8;
    %jmp/0xz  T_27.2, 8;
    %load/vec4 v0x55c4dd8a8430_0;
    %assign/vec4 v0x55c4dd8a84d0_0, 0;
T_27.2 ;
T_27.1 ;
    %jmp T_27;
    .thread T_27;
    .scope S_0x55c4dd8fd710;
T_28 ;
    %wait E_0x55c4dd80c170;
    %load/vec4 v0x55c4dd900ab0_0;
    %flag_set/vec4 8;
    %jmp/0xz  T_28.0, 8;
    %pushi/vec4 0, 0, 32;
    %store/vec4 v0x55c4dd8fde30_0, 0, 32;
T_28.2 ; Top of for-loop
    %load/vec4 v0x55c4dd8fde30_0;
    %cmpi/s 256, 0, 32;
	  %jmp/0xz T_28.3, 5;
    %pushi/vec4 0, 0, 16;
    %ix/getv/s 3, v0x55c4dd8fde30_0;
    %ix/load 4, 0, 0; Constant delay
    %assign/vec4/a/d v0x55c4dd8fe090, 0, 4;
T_28.4 ; for-loop step statement
    %load/vec4 v0x55c4dd8fde30_0;
    %addi 1, 0, 32;
    %store/vec4 v0x55c4dd8fde30_0, 0, 32;
    %jmp T_28.2;
T_28.3 ; for-loop exit label
    %jmp T_28.1;
T_28.0 ;
    %load/vec4 v0x55c4dd8fdff0_0;
    %flag_set/vec4 8;
    %jmp/0xz  T_28.5, 8;
    %load/vec4 v0x55c4dd900be0_0;
    %load/vec4 v0x55c4dd8fdc60_0;
    %pad/u 10;
    %ix/vec4 3;
    %ix/load 4, 0, 0; Constant delay
    %assign/vec4/a/d v0x55c4dd8fe090, 0, 4;
T_28.5 ;
T_28.1 ;
    %jmp T_28;
    .thread T_28;
    .scope S_0x55c4dd9049d0;
T_29 ;
    %wait E_0x55c4dd80c170;
    %load/vec4 v0x55c4dd904de0_0;
    %flag_set/vec4 8;
    %jmp/0xz  T_29.0, 8;
    %pushi/vec4 0, 0, 1;
    %assign/vec4 v0x55c4dd904f80_0, 0;
    %jmp T_29.1;
T_29.0 ;
    %load/vec4 v0x55c4dd904eb0_0;
    %flag_set/vec4 8;
    %jmp/0xz  T_29.2, 8;
    %load/vec4 v0x55c4dd904c40_0;
    %pushi/vec4 0, 0, 16;
    %cmp/e;
    %flag_get/vec4 4;
    %assign/vec4 v0x55c4dd904f80_0, 0;
T_29.2 ;
T_29.1 ;
    %jmp T_29;
    .thread T_29;
    .scope S_0x55c4dd903370;
T_30 ;
    %wait E_0x55c4dd811a30;
    %load/vec4 v0x55c4dd903810_0;
    %dup/vec4;
    %pushi/vec4 0, 0, 4;
    %cmp/u;
    %jmp/1 T_30.0, 6;
    %dup/vec4;
    %pushi/vec4 1, 0, 4;
    %cmp/u;
    %jmp/1 T_30.1, 6;
    %dup/vec4;
    %pushi/vec4 2, 0, 4;
    %cmp/u;
    %jmp/1 T_30.2, 6;
    %dup/vec4;
    %pushi/vec4 3, 0, 4;
    %cmp/u;
    %jmp/1 T_30.3, 6;
    %dup/vec4;
    %pushi/vec4 4, 0, 4;
    %cmp/u;
    %jmp/1 T_30.4, 6;
    %pushi/vec4 0, 0, 16;
    %store/vec4 v0x55c4dd903750_0, 0, 16;
    %jmp T_30.6;
T_30.0 ;
    %pushi/vec4 0, 0, 16;
    %store/vec4 v0x55c4dd903750_0, 0, 16;
    %jmp T_30.6;
T_30.1 ;
    %load/vec4 v0x55c4dd903ab0_0;
    %store/vec4 v0x55c4dd903750_0, 0, 16;
    %jmp T_30.6;
T_30.2 ;
    %load/vec4 v0x55c4dd903620_0;
    %store/vec4 v0x55c4dd903750_0, 0, 16;
    %jmp T_30.6;
T_30.3 ;
    %load/vec4 v0x55c4dd9038e0_0;
    %store/vec4 v0x55c4dd903750_0, 0, 16;
    %jmp T_30.6;
T_30.4 ;
    %load/vec4 v0x55c4dd9039a0_0;
    %store/vec4 v0x55c4dd903750_0, 0, 16;
    %jmp T_30.6;
T_30.6 ;
    %pop/vec4 1;
    %jmp T_30;
    .thread T_30, $push;
    .scope S_0x55c4dd8a11a0;
T_31 ;
    %delay 5000, 0;
    %load/vec4 v0x55c4dd908210_0;
    %inv;
    %store/vec4 v0x55c4dd908210_0, 0, 1;
    %jmp T_31;
    .thread T_31;
    .scope S_0x55c4dd8a11a0;
T_32 ;
    %vpi_call 2 67 "$display", "=======================================================" {0 0 0};
    %vpi_call 2 68 "$display", " Cycle-by-cycle trace" {0 0 0};
    %vpi_call 2 69 "$display", "  t(ns) | PC | IR(hex) | R0  R1  R2 | SP   | state" {0 0 0};
    %vpi_call 2 70 "$display", "=======================================================" {0 0 0};
    %vpi_call 2 71 "$monitor", "%6t  | %2d | %h  | %3d  %3d  %3d | 0x%h | %1d", $time, v0x55c4dd908680_0, v0x55c4dd908460_0, v0x55c4dd907e20_0, v0x55c4dd907f50_0, v0x55c4dd908060_0, v0x55c4dd9087e0_0, v0x55c4dd908880_0 {0 0 0};
    %end;
    .thread T_32;
    .scope S_0x55c4dd8a11a0;
T_33 ;
    %vpi_call 2 99 "$dumpfile", "final_cpu.vcd" {0 0 0};
    %vpi_call 2 100 "$dumpvars", 32'sb00000000000000000000000000000000, S_0x55c4dd8a11a0 {0 0 0};
    %pushi/vec4 0, 0, 32;
    %store/vec4 v0x55c4dd9085a0_0, 0, 32;
    %pushi/vec4 0, 0, 32;
    %store/vec4 v0x55c4dd908300_0, 0, 32;
    %pushi/vec4 0, 0, 1;
    %store/vec4 v0x55c4dd908210_0, 0, 1;
    %pushi/vec4 1, 0, 1;
    %store/vec4 v0x55c4dd908740_0, 0, 1;
    %delay 20000, 0;
    %pushi/vec4 0, 0, 1;
    %store/vec4 v0x55c4dd908740_0, 0, 1;
T_33.0 ;
    %load/vec4 v0x55c4dd9083c0_0;
    %pushi/vec4 1, 0, 1;
    %cmp/e;
    %flag_get/vec4 4;
    %cmpi/ne 1, 0, 1;
    %jmp/0xz T_33.1, 6;
    %wait E_0x55c4dd80b940;
    %jmp T_33.0;
T_33.1 ;
    %delay 20000, 0;
    %vpi_call 2 155 "$display", "\000" {0 0 0};
    %vpi_call 2 156 "$display", "=======================================================" {0 0 0};
    %vpi_call 2 157 "$display", " Final register checks" {0 0 0};
    %vpi_call 2 158 "$display", "=======================================================" {0 0 0};
    %load/vec4 v0x55c4dd907e20_0;
    %pad/u 64;
    %store/vec4 v0x55c4dd8d1f80_0, 0, 64;
    %pushi/vec4 180, 0, 64;
    %store/vec4 v0x55c4dd8d1ee0_0, 0, 64;
    %pushi/vec4 3229655345, 0, 34;
    %concati/vec4 2300839462, 0, 35;
    %concati/vec4 2961301712, 0, 37;
    %concati/vec4 2164592912, 0, 32;
    %concati/vec4 2961259848, 0, 32;
    %concati/vec4 2160640128, 0, 32;
    %concati/vec4 3036184772, 0, 32;
    %concati/vec4 3682345, 0, 22;
    %store/vec4 v0x55c4dd8a1b70_0, 0, 256;
    %fork TD_processor_TB.check, S_0x55c4dd8d3c90;
    %join;
    %load/vec4 v0x55c4dd907f50_0;
    %pad/u 64;
    %store/vec4 v0x55c4dd8d1f80_0, 0, 64;
    %pushi/vec4 500, 0, 64;
    %store/vec4 v0x55c4dd8d1ee0_0, 0, 64;
    %pushi/vec4 3296764209, 0, 34;
    %concati/vec4 2300839526, 0, 35;
    %concati/vec4 2961301712, 0, 37;
    %concati/vec4 2164592912, 0, 32;
    %concati/vec4 2961259848, 0, 32;
    %concati/vec4 2160640128, 0, 32;
    %concati/vec4 3036184788, 0, 32;
    %concati/vec4 3158057, 0, 22;
    %store/vec4 v0x55c4dd8a1b70_0, 0, 256;
    %fork TD_processor_TB.check, S_0x55c4dd8d3c90;
    %join;
    %load/vec4 v0x55c4dd907e20_0;
    %pad/u 64;
    %store/vec4 v0x55c4dd8d1f80_0, 0, 64;
    %pushi/vec4 180, 0, 64;
    %store/vec4 v0x55c4dd8d1ee0_0, 0, 64;
    %pushi/vec4 3940600002, 0, 33;
    %concati/vec4 3905569006, 0, 32;
    %concati/vec4 3538473024, 0, 32;
    %concati/vec4 3336496356, 0, 32;
    %concati/vec4 3402033216, 0, 32;
    %concati/vec4 2794625672, 0, 32;
    %concati/vec4 2177471949, 0, 33;
    %concati/vec4 896300073, 0, 30;
    %store/vec4 v0x55c4dd8a1b70_0, 0, 256;
    %fork TD_processor_TB.check, S_0x55c4dd8d3c90;
    %join;
    %load/vec4 v0x55c4dd9087e0_0;
    %pad/u 64;
    %store/vec4 v0x55c4dd8d1f80_0, 0, 64;
    %pushi/vec4 255, 0, 64;
    %store/vec4 v0x55c4dd8d1ee0_0, 0, 64;
    %pushi/vec4 2688569546, 0, 33;
    %concati/vec4 4041263814, 0, 32;
    %concati/vec4 3896533232, 0, 32;
    %concati/vec4 2358002117, 0, 32;
    %concati/vec4 2485153391, 0, 39;
    %concati/vec4 2177749381, 0, 34;
    %concati/vec4 2376892861, 0, 32;
    %concati/vec4 3175209, 0, 22;
    %store/vec4 v0x55c4dd8a1b70_0, 0, 256;
    %fork TD_processor_TB.check, S_0x55c4dd8d3c90;
    %join;
    %load/vec4 v0x55c4dd9083c0_0;
    %pad/u 64;
    %store/vec4 v0x55c4dd8d1f80_0, 0, 64;
    %pushi/vec4 1, 0, 64;
    %store/vec4 v0x55c4dd8d1ee0_0, 0, 64;
    %pushi/vec4 0, 0, 32; draw_string_vec4
    %pushi/vec4 0, 0, 32; draw_string_vec4
    %concat/vec4; draw_string_vec4
    %pushi/vec4 0, 0, 32; draw_string_vec4
    %concat/vec4; draw_string_vec4
    %pushi/vec4 0, 0, 32; draw_string_vec4
    %concat/vec4; draw_string_vec4
    %pushi/vec4 0, 0, 32; draw_string_vec4
    %concat/vec4; draw_string_vec4
    %pushi/vec4 0, 0, 32; draw_string_vec4
    %concat/vec4; draw_string_vec4
    %pushi/vec4 26721, 0, 32; draw_string_vec4
    %concat/vec4; draw_string_vec4
    %pushi/vec4 1819567460, 0, 32; draw_string_vec4
    %concat/vec4; draw_string_vec4
    %store/vec4 v0x55c4dd8a1b70_0, 0, 256;
    %fork TD_processor_TB.check, S_0x55c4dd8d3c90;
    %join;
    %vpi_call 2 180 "$display", "\000" {0 0 0};
    %vpi_call 2 181 "$display", "=======================================================" {0 0 0};
    %vpi_call 2 182 "$display", " RESULT: %0d passed, %0d failed", v0x55c4dd9085a0_0, v0x55c4dd908300_0 {0 0 0};
    %load/vec4 v0x55c4dd908300_0;
    %cmpi/e 0, 0, 32;
    %jmp/0xz  T_33.2, 4;
    %vpi_call 2 184 "$display", " ALL TESTS PASSED" {0 0 0};
    %jmp T_33.3;
T_33.2 ;
    %vpi_call 2 186 "$display", " SOME TESTS FAILED" {0 0 0};
T_33.3 ;
    %vpi_call 2 187 "$display", "=======================================================" {0 0 0};
    %vpi_call 2 189 "$finish" {0 0 0};
    %end;
    .thread T_33;
# The file index is used to find the file name in the following table.
:file_names 17;
    "N/A";
    "<interactive>";
    "processor_TB.v";
    "processor_top.v";
    "ALU_component.v";
    "register_16.v";
    "ALU.v";
    "controller_fsm.v";
    "./controller_tasks.v";
    "data_memory.v";
    "instruction_memory.v";
    "instruction_register.v";
    "pc.v";
    "register_file.v";
    "bus_mux.v";
    "stack_pointer.v";
    "status_register.v";
